<?xml version="1.0" encoding="UTF-8"?>
<testng-results skipped="0" failed="111" ignored="0" total="312" passed="201">
  <reporter-output>
  </reporter-output>
  <suite name="Default suite" duration-ms="1073271" started-at="2020-05-22T09:38:32Z" finished-at="2020-05-22T09:56:25Z">
    <groups>
    </groups>
    <test name="Default test" duration-ms="1073271" started-at="2020-05-22T09:38:32Z" finished-at="2020-05-22T09:56:25Z">
      <class name="TestCases.ALLTest">
        <test-method status="PASS" signature="Login()[pri:0, instance:TestCases.ALLTest@41abee65]" name="Login" is-config="true" duration-ms="38329" started-at="2020-05-22T09:38:32Z" finished-at="2020-05-22T09:39:10Z">
          <reporter-output>
          </reporter-output>
        </test-method> <!-- Login -->
        <test-method status="PASS" signature="hamburgerTest()[pri:0, instance:TestCases.ALLTest@41abee65]" name="hamburgerTest" duration-ms="4749" started-at="2020-05-22T09:39:10Z" finished-at="2020-05-22T09:39:15Z">
          <reporter-output>
          </reporter-output>
        </test-method> <!-- hamburgerTest -->
        <test-method status="PASS" signature="hamburgerTest()[pri:0, instance:TestCases.ALLTest@41abee65]" name="hamburgerTest" duration-ms="4719" started-at="2020-05-22T09:39:15Z" finished-at="2020-05-22T09:39:20Z">
          <reporter-output>
          </reporter-output>
        </test-method> <!-- hamburgerTest -->
        <test-method status="PASS" signature="hamburgerTest()[pri:0, instance:TestCases.ALLTest@41abee65]" name="hamburgerTest" duration-ms="4701" started-at="2020-05-22T09:39:20Z" finished-at="2020-05-22T09:39:24Z">
          <reporter-output>
          </reporter-output>
        </test-method> <!-- hamburgerTest -->
        <test-method status="PASS" signature="hamburgerTest()[pri:0, instance:TestCases.ALLTest@41abee65]" name="hamburgerTest" duration-ms="4721" started-at="2020-05-22T09:39:24Z" finished-at="2020-05-22T09:39:29Z">
          <reporter-output>
          </reporter-output>
        </test-method> <!-- hamburgerTest -->
        <test-method status="PASS" signature="hamburgerTest()[pri:0, instance:TestCases.ALLTest@41abee65]" name="hamburgerTest" duration-ms="4695" started-at="2020-05-22T09:39:29Z" finished-at="2020-05-22T09:39:34Z">
          <reporter-output>
          </reporter-output>
        </test-method> <!-- hamburgerTest -->
        <test-method status="PASS" signature="hamburgerTest()[pri:0, instance:TestCases.ALLTest@41abee65]" name="hamburgerTest" duration-ms="4681" started-at="2020-05-22T09:39:34Z" finished-at="2020-05-22T09:39:38Z">
          <reporter-output>
          </reporter-output>
        </test-method> <!-- hamburgerTest -->
        <test-method status="PASS" signature="hamburgerTest()[pri:0, instance:TestCases.ALLTest@41abee65]" name="hamburgerTest" duration-ms="4669" started-at="2020-05-22T09:39:38Z" finished-at="2020-05-22T09:39:43Z">
          <reporter-output>
          </reporter-output>
        </test-method> <!-- hamburgerTest -->
        <test-method status="PASS" signature="hamburgerTest()[pri:0, instance:TestCases.ALLTest@41abee65]" name="hamburgerTest" duration-ms="4750" started-at="2020-05-22T09:39:43Z" finished-at="2020-05-22T09:39:48Z">
          <reporter-output>
          </reporter-output>
        </test-method> <!-- hamburgerTest -->
        <test-method status="PASS" signature="hamburgerTest()[pri:0, instance:TestCases.ALLTest@41abee65]" name="hamburgerTest" duration-ms="4675" started-at="2020-05-22T09:39:48Z" finished-at="2020-05-22T09:39:53Z">
          <reporter-output>
          </reporter-output>
        </test-method> <!-- hamburgerTest -->
        <test-method status="PASS" signature="hamburgerTest()[pri:0, instance:TestCases.ALLTest@41abee65]" name="hamburgerTest" duration-ms="4712" started-at="2020-05-22T09:39:53Z" finished-at="2020-05-22T09:39:57Z">
          <reporter-output>
          </reporter-output>
        </test-method> <!-- hamburgerTest -->
        <test-method status="PASS" signature="hamburgerTest()[pri:0, instance:TestCases.ALLTest@41abee65]" name="hamburgerTest" duration-ms="4683" started-at="2020-05-22T09:39:57Z" finished-at="2020-05-22T09:40:02Z">
          <reporter-output>
          </reporter-output>
        </test-method> <!-- hamburgerTest -->
        <test-method status="PASS" signature="hamburgerTest()[pri:0, instance:TestCases.ALLTest@41abee65]" name="hamburgerTest" duration-ms="4644" started-at="2020-05-22T09:40:02Z" finished-at="2020-05-22T09:40:07Z">
          <reporter-output>
          </reporter-output>
        </test-method> <!-- hamburgerTest -->
        <test-method status="PASS" signature="hamburgerTest()[pri:0, instance:TestCases.ALLTest@41abee65]" name="hamburgerTest" duration-ms="4688" started-at="2020-05-22T09:40:07Z" finished-at="2020-05-22T09:40:11Z">
          <reporter-output>
          </reporter-output>
        </test-method> <!-- hamburgerTest -->
        <test-method status="PASS" signature="hamburgerTest()[pri:0, instance:TestCases.ALLTest@41abee65]" name="hamburgerTest" duration-ms="4670" started-at="2020-05-22T09:40:11Z" finished-at="2020-05-22T09:40:16Z">
          <reporter-output>
          </reporter-output>
        </test-method> <!-- hamburgerTest -->
        <test-method status="PASS" signature="hamburgerTest()[pri:0, instance:TestCases.ALLTest@41abee65]" name="hamburgerTest" duration-ms="4667" started-at="2020-05-22T09:40:16Z" finished-at="2020-05-22T09:40:21Z">
          <reporter-output>
          </reporter-output>
        </test-method> <!-- hamburgerTest -->
        <test-method status="PASS" signature="hamburgerTest()[pri:0, instance:TestCases.ALLTest@41abee65]" name="hamburgerTest" duration-ms="4643" started-at="2020-05-22T09:40:21Z" finished-at="2020-05-22T09:40:25Z">
          <reporter-output>
          </reporter-output>
        </test-method> <!-- hamburgerTest -->
        <test-method status="PASS" signature="hamburgerTest()[pri:0, instance:TestCases.ALLTest@41abee65]" name="hamburgerTest" duration-ms="4661" started-at="2020-05-22T09:40:25Z" finished-at="2020-05-22T09:40:30Z">
          <reporter-output>
          </reporter-output>
        </test-method> <!-- hamburgerTest -->
        <test-method status="PASS" signature="hamburgerTest()[pri:0, instance:TestCases.ALLTest@41abee65]" name="hamburgerTest" duration-ms="4656" started-at="2020-05-22T09:40:30Z" finished-at="2020-05-22T09:40:35Z">
          <reporter-output>
          </reporter-output>
        </test-method> <!-- hamburgerTest -->
        <test-method status="PASS" signature="hamburgerTest()[pri:0, instance:TestCases.ALLTest@41abee65]" name="hamburgerTest" duration-ms="4684" started-at="2020-05-22T09:40:35Z" finished-at="2020-05-22T09:40:39Z">
          <reporter-output>
          </reporter-output>
        </test-method> <!-- hamburgerTest -->
        <test-method status="PASS" signature="hamburgerTest()[pri:0, instance:TestCases.ALLTest@41abee65]" name="hamburgerTest" duration-ms="4682" started-at="2020-05-22T09:40:39Z" finished-at="2020-05-22T09:40:44Z">
          <reporter-output>
          </reporter-output>
        </test-method> <!-- hamburgerTest -->
        <test-method status="PASS" signature="hamburgerTest()[pri:0, instance:TestCases.ALLTest@41abee65]" name="hamburgerTest" duration-ms="4681" started-at="2020-05-22T09:40:44Z" finished-at="2020-05-22T09:40:49Z">
          <reporter-output>
          </reporter-output>
        </test-method> <!-- hamburgerTest -->
        <test-method status="PASS" signature="hamburgerTest()[pri:0, instance:TestCases.ALLTest@41abee65]" name="hamburgerTest" duration-ms="4657" started-at="2020-05-22T09:40:49Z" finished-at="2020-05-22T09:40:53Z">
          <reporter-output>
          </reporter-output>
        </test-method> <!-- hamburgerTest -->
        <test-method status="PASS" signature="hamburgerTest()[pri:0, instance:TestCases.ALLTest@41abee65]" name="hamburgerTest" duration-ms="4642" started-at="2020-05-22T09:40:53Z" finished-at="2020-05-22T09:40:58Z">
          <reporter-output>
          </reporter-output>
        </test-method> <!-- hamburgerTest -->
        <test-method status="PASS" signature="hamburgerTest()[pri:0, instance:TestCases.ALLTest@41abee65]" name="hamburgerTest" duration-ms="4676" started-at="2020-05-22T09:40:58Z" finished-at="2020-05-22T09:41:03Z">
          <reporter-output>
          </reporter-output>
        </test-method> <!-- hamburgerTest -->
        <test-method status="PASS" signature="hamburgerTest()[pri:0, instance:TestCases.ALLTest@41abee65]" name="hamburgerTest" duration-ms="4693" started-at="2020-05-22T09:41:03Z" finished-at="2020-05-22T09:41:07Z">
          <reporter-output>
          </reporter-output>
        </test-method> <!-- hamburgerTest -->
        <test-method status="PASS" signature="hamburgerTest()[pri:0, instance:TestCases.ALLTest@41abee65]" name="hamburgerTest" duration-ms="4651" started-at="2020-05-22T09:41:07Z" finished-at="2020-05-22T09:41:12Z">
          <reporter-output>
          </reporter-output>
        </test-method> <!-- hamburgerTest -->
        <test-method status="PASS" signature="hamburgerTest()[pri:0, instance:TestCases.ALLTest@41abee65]" name="hamburgerTest" duration-ms="4666" started-at="2020-05-22T09:41:12Z" finished-at="2020-05-22T09:41:17Z">
          <reporter-output>
          </reporter-output>
        </test-method> <!-- hamburgerTest -->
        <test-method status="PASS" signature="hamburgerTest()[pri:0, instance:TestCases.ALLTest@41abee65]" name="hamburgerTest" duration-ms="4667" started-at="2020-05-22T09:41:17Z" finished-at="2020-05-22T09:41:21Z">
          <reporter-output>
          </reporter-output>
        </test-method> <!-- hamburgerTest -->
        <test-method status="PASS" signature="hamburgerTest()[pri:0, instance:TestCases.ALLTest@41abee65]" name="hamburgerTest" duration-ms="4691" started-at="2020-05-22T09:41:21Z" finished-at="2020-05-22T09:41:26Z">
          <reporter-output>
          </reporter-output>
        </test-method> <!-- hamburgerTest -->
        <test-method status="PASS" signature="hamburgerTest()[pri:0, instance:TestCases.ALLTest@41abee65]" name="hamburgerTest" duration-ms="4665" started-at="2020-05-22T09:41:26Z" finished-at="2020-05-22T09:41:31Z">
          <reporter-output>
          </reporter-output>
        </test-method> <!-- hamburgerTest -->
        <test-method status="PASS" signature="hamburgerTest()[pri:0, instance:TestCases.ALLTest@41abee65]" name="hamburgerTest" duration-ms="4651" started-at="2020-05-22T09:41:31Z" finished-at="2020-05-22T09:41:35Z">
          <reporter-output>
          </reporter-output>
        </test-method> <!-- hamburgerTest -->
        <test-method status="PASS" signature="hamburgerTest()[pri:0, instance:TestCases.ALLTest@41abee65]" name="hamburgerTest" duration-ms="4641" started-at="2020-05-22T09:41:35Z" finished-at="2020-05-22T09:41:40Z">
          <reporter-output>
          </reporter-output>
        </test-method> <!-- hamburgerTest -->
        <test-method status="PASS" signature="hamburgerTest()[pri:0, instance:TestCases.ALLTest@41abee65]" name="hamburgerTest" duration-ms="4665" started-at="2020-05-22T09:41:40Z" finished-at="2020-05-22T09:41:45Z">
          <reporter-output>
          </reporter-output>
        </test-method> <!-- hamburgerTest -->
        <test-method status="PASS" signature="hamburgerTest()[pri:0, instance:TestCases.ALLTest@41abee65]" name="hamburgerTest" duration-ms="4658" started-at="2020-05-22T09:41:45Z" finished-at="2020-05-22T09:41:49Z">
          <reporter-output>
          </reporter-output>
        </test-method> <!-- hamburgerTest -->
        <test-method status="PASS" signature="hamburgerTest()[pri:0, instance:TestCases.ALLTest@41abee65]" name="hamburgerTest" duration-ms="4643" started-at="2020-05-22T09:41:49Z" finished-at="2020-05-22T09:41:54Z">
          <reporter-output>
          </reporter-output>
        </test-method> <!-- hamburgerTest -->
        <test-method status="PASS" signature="hamburgerTest()[pri:0, instance:TestCases.ALLTest@41abee65]" name="hamburgerTest" duration-ms="4668" started-at="2020-05-22T09:41:54Z" finished-at="2020-05-22T09:41:59Z">
          <reporter-output>
          </reporter-output>
        </test-method> <!-- hamburgerTest -->
        <test-method status="PASS" signature="hamburgerTest()[pri:0, instance:TestCases.ALLTest@41abee65]" name="hamburgerTest" duration-ms="4658" started-at="2020-05-22T09:41:59Z" finished-at="2020-05-22T09:42:03Z">
          <reporter-output>
          </reporter-output>
        </test-method> <!-- hamburgerTest -->
        <test-method status="PASS" signature="hamburgerTest()[pri:0, instance:TestCases.ALLTest@41abee65]" name="hamburgerTest" duration-ms="4664" started-at="2020-05-22T09:42:03Z" finished-at="2020-05-22T09:42:08Z">
          <reporter-output>
          </reporter-output>
        </test-method> <!-- hamburgerTest -->
        <test-method status="PASS" signature="hamburgerTest()[pri:0, instance:TestCases.ALLTest@41abee65]" name="hamburgerTest" duration-ms="4640" started-at="2020-05-22T09:42:08Z" finished-at="2020-05-22T09:42:13Z">
          <reporter-output>
          </reporter-output>
        </test-method> <!-- hamburgerTest -->
        <test-method status="PASS" signature="hamburgerTest()[pri:0, instance:TestCases.ALLTest@41abee65]" name="hamburgerTest" duration-ms="4650" started-at="2020-05-22T09:42:13Z" finished-at="2020-05-22T09:42:17Z">
          <reporter-output>
          </reporter-output>
        </test-method> <!-- hamburgerTest -->
        <test-method status="PASS" signature="hamburgerTest()[pri:0, instance:TestCases.ALLTest@41abee65]" name="hamburgerTest" duration-ms="4664" started-at="2020-05-22T09:42:17Z" finished-at="2020-05-22T09:42:22Z">
          <reporter-output>
          </reporter-output>
        </test-method> <!-- hamburgerTest -->
        <test-method status="PASS" signature="hamburgerTest()[pri:0, instance:TestCases.ALLTest@41abee65]" name="hamburgerTest" duration-ms="4657" started-at="2020-05-22T09:42:22Z" finished-at="2020-05-22T09:42:26Z">
          <reporter-output>
          </reporter-output>
        </test-method> <!-- hamburgerTest -->
        <test-method status="PASS" signature="hamburgerTest()[pri:0, instance:TestCases.ALLTest@41abee65]" name="hamburgerTest" duration-ms="4676" started-at="2020-05-22T09:42:26Z" finished-at="2020-05-22T09:42:31Z">
          <reporter-output>
          </reporter-output>
        </test-method> <!-- hamburgerTest -->
        <test-method status="PASS" signature="hamburgerTest()[pri:0, instance:TestCases.ALLTest@41abee65]" name="hamburgerTest" duration-ms="4658" started-at="2020-05-22T09:42:31Z" finished-at="2020-05-22T09:42:36Z">
          <reporter-output>
          </reporter-output>
        </test-method> <!-- hamburgerTest -->
        <test-method status="PASS" signature="hamburgerTest()[pri:0, instance:TestCases.ALLTest@41abee65]" name="hamburgerTest" duration-ms="4662" started-at="2020-05-22T09:42:36Z" finished-at="2020-05-22T09:42:40Z">
          <reporter-output>
          </reporter-output>
        </test-method> <!-- hamburgerTest -->
        <test-method status="PASS" signature="hamburgerTest()[pri:0, instance:TestCases.ALLTest@41abee65]" name="hamburgerTest" duration-ms="4677" started-at="2020-05-22T09:42:40Z" finished-at="2020-05-22T09:42:45Z">
          <reporter-output>
          </reporter-output>
        </test-method> <!-- hamburgerTest -->
        <test-method status="PASS" signature="hamburgerTest()[pri:0, instance:TestCases.ALLTest@41abee65]" name="hamburgerTest" duration-ms="4676" started-at="2020-05-22T09:42:45Z" finished-at="2020-05-22T09:42:50Z">
          <reporter-output>
          </reporter-output>
        </test-method> <!-- hamburgerTest -->
        <test-method status="PASS" signature="hamburgerTest()[pri:0, instance:TestCases.ALLTest@41abee65]" name="hamburgerTest" duration-ms="4682" started-at="2020-05-22T09:42:50Z" finished-at="2020-05-22T09:42:55Z">
          <reporter-output>
          </reporter-output>
        </test-method> <!-- hamburgerTest -->
        <test-method status="PASS" signature="hamburgerTest()[pri:0, instance:TestCases.ALLTest@41abee65]" name="hamburgerTest" duration-ms="4648" started-at="2020-05-22T09:42:55Z" finished-at="2020-05-22T09:42:59Z">
          <reporter-output>
          </reporter-output>
        </test-method> <!-- hamburgerTest -->
        <test-method status="PASS" signature="hamburgerTest()[pri:0, instance:TestCases.ALLTest@41abee65]" name="hamburgerTest" duration-ms="4664" started-at="2020-05-22T09:42:59Z" finished-at="2020-05-22T09:43:04Z">
          <reporter-output>
          </reporter-output>
        </test-method> <!-- hamburgerTest -->
        <test-method status="PASS" signature="hamburgerTest()[pri:0, instance:TestCases.ALLTest@41abee65]" name="hamburgerTest" duration-ms="4663" started-at="2020-05-22T09:43:04Z" finished-at="2020-05-22T09:43:09Z">
          <reporter-output>
          </reporter-output>
        </test-method> <!-- hamburgerTest -->
        <test-method status="PASS" signature="hamburgerTest()[pri:0, instance:TestCases.ALLTest@41abee65]" name="hamburgerTest" duration-ms="4673" started-at="2020-05-22T09:43:09Z" finished-at="2020-05-22T09:43:13Z">
          <reporter-output>
          </reporter-output>
        </test-method> <!-- hamburgerTest -->
        <test-method status="PASS" signature="hamburgerTest()[pri:0, instance:TestCases.ALLTest@41abee65]" name="hamburgerTest" duration-ms="4669" started-at="2020-05-22T09:43:13Z" finished-at="2020-05-22T09:43:18Z">
          <reporter-output>
          </reporter-output>
        </test-method> <!-- hamburgerTest -->
        <test-method status="PASS" signature="hamburgerTest()[pri:0, instance:TestCases.ALLTest@41abee65]" name="hamburgerTest" duration-ms="4671" started-at="2020-05-22T09:43:18Z" finished-at="2020-05-22T09:43:23Z">
          <reporter-output>
          </reporter-output>
        </test-method> <!-- hamburgerTest -->
        <test-method status="PASS" signature="hamburgerTest()[pri:0, instance:TestCases.ALLTest@41abee65]" name="hamburgerTest" duration-ms="4649" started-at="2020-05-22T09:43:23Z" finished-at="2020-05-22T09:43:27Z">
          <reporter-output>
          </reporter-output>
        </test-method> <!-- hamburgerTest -->
        <test-method status="PASS" signature="hamburgerTest()[pri:0, instance:TestCases.ALLTest@41abee65]" name="hamburgerTest" duration-ms="4663" started-at="2020-05-22T09:43:27Z" finished-at="2020-05-22T09:43:32Z">
          <reporter-output>
          </reporter-output>
        </test-method> <!-- hamburgerTest -->
        <test-method status="PASS" signature="hamburgerTest()[pri:0, instance:TestCases.ALLTest@41abee65]" name="hamburgerTest" duration-ms="4692" started-at="2020-05-22T09:43:32Z" finished-at="2020-05-22T09:43:37Z">
          <reporter-output>
          </reporter-output>
        </test-method> <!-- hamburgerTest -->
        <test-method status="PASS" signature="hamburgerTest()[pri:0, instance:TestCases.ALLTest@41abee65]" name="hamburgerTest" duration-ms="4697" started-at="2020-05-22T09:43:37Z" finished-at="2020-05-22T09:43:41Z">
          <reporter-output>
          </reporter-output>
        </test-method> <!-- hamburgerTest -->
        <test-method status="PASS" signature="hamburgerTest()[pri:0, instance:TestCases.ALLTest@41abee65]" name="hamburgerTest" duration-ms="4667" started-at="2020-05-22T09:43:41Z" finished-at="2020-05-22T09:43:46Z">
          <reporter-output>
          </reporter-output>
        </test-method> <!-- hamburgerTest -->
        <test-method status="PASS" signature="hamburgerTest()[pri:0, instance:TestCases.ALLTest@41abee65]" name="hamburgerTest" duration-ms="4691" started-at="2020-05-22T09:43:46Z" finished-at="2020-05-22T09:43:51Z">
          <reporter-output>
          </reporter-output>
        </test-method> <!-- hamburgerTest -->
        <test-method status="PASS" signature="hamburgerTest()[pri:0, instance:TestCases.ALLTest@41abee65]" name="hamburgerTest" duration-ms="4687" started-at="2020-05-22T09:43:51Z" finished-at="2020-05-22T09:43:55Z">
          <reporter-output>
          </reporter-output>
        </test-method> <!-- hamburgerTest -->
        <test-method status="PASS" signature="hamburgerTest()[pri:0, instance:TestCases.ALLTest@41abee65]" name="hamburgerTest" duration-ms="4678" started-at="2020-05-22T09:43:55Z" finished-at="2020-05-22T09:44:00Z">
          <reporter-output>
          </reporter-output>
        </test-method> <!-- hamburgerTest -->
        <test-method status="PASS" signature="hamburgerTest()[pri:0, instance:TestCases.ALLTest@41abee65]" name="hamburgerTest" duration-ms="4674" started-at="2020-05-22T09:44:00Z" finished-at="2020-05-22T09:44:05Z">
          <reporter-output>
          </reporter-output>
        </test-method> <!-- hamburgerTest -->
        <test-method status="PASS" signature="hamburgerTest()[pri:0, instance:TestCases.ALLTest@41abee65]" name="hamburgerTest" duration-ms="4668" started-at="2020-05-22T09:44:05Z" finished-at="2020-05-22T09:44:09Z">
          <reporter-output>
          </reporter-output>
        </test-method> <!-- hamburgerTest -->
        <test-method status="PASS" signature="hamburgerTest()[pri:0, instance:TestCases.ALLTest@41abee65]" name="hamburgerTest" duration-ms="4657" started-at="2020-05-22T09:44:09Z" finished-at="2020-05-22T09:44:14Z">
          <reporter-output>
          </reporter-output>
        </test-method> <!-- hamburgerTest -->
        <test-method status="PASS" signature="hamburgerTest()[pri:0, instance:TestCases.ALLTest@41abee65]" name="hamburgerTest" duration-ms="4676" started-at="2020-05-22T09:44:14Z" finished-at="2020-05-22T09:44:19Z">
          <reporter-output>
          </reporter-output>
        </test-method> <!-- hamburgerTest -->
        <test-method status="PASS" signature="hamburgerTest()[pri:0, instance:TestCases.ALLTest@41abee65]" name="hamburgerTest" duration-ms="4689" started-at="2020-05-22T09:44:19Z" finished-at="2020-05-22T09:44:23Z">
          <reporter-output>
          </reporter-output>
        </test-method> <!-- hamburgerTest -->
        <test-method status="PASS" signature="hamburgerTest()[pri:0, instance:TestCases.ALLTest@41abee65]" name="hamburgerTest" duration-ms="4675" started-at="2020-05-22T09:44:23Z" finished-at="2020-05-22T09:44:28Z">
          <reporter-output>
          </reporter-output>
        </test-method> <!-- hamburgerTest -->
        <test-method status="PASS" signature="hamburgerTest()[pri:0, instance:TestCases.ALLTest@41abee65]" name="hamburgerTest" duration-ms="4664" started-at="2020-05-22T09:44:28Z" finished-at="2020-05-22T09:44:33Z">
          <reporter-output>
          </reporter-output>
        </test-method> <!-- hamburgerTest -->
        <test-method status="PASS" signature="hamburgerTest()[pri:0, instance:TestCases.ALLTest@41abee65]" name="hamburgerTest" duration-ms="4662" started-at="2020-05-22T09:44:33Z" finished-at="2020-05-22T09:44:37Z">
          <reporter-output>
          </reporter-output>
        </test-method> <!-- hamburgerTest -->
        <test-method status="PASS" signature="hamburgerTest()[pri:0, instance:TestCases.ALLTest@41abee65]" name="hamburgerTest" duration-ms="4662" started-at="2020-05-22T09:44:37Z" finished-at="2020-05-22T09:44:42Z">
          <reporter-output>
          </reporter-output>
        </test-method> <!-- hamburgerTest -->
        <test-method status="PASS" signature="hamburgerTest()[pri:0, instance:TestCases.ALLTest@41abee65]" name="hamburgerTest" duration-ms="4690" started-at="2020-05-22T09:44:42Z" finished-at="2020-05-22T09:44:47Z">
          <reporter-output>
          </reporter-output>
        </test-method> <!-- hamburgerTest -->
        <test-method status="PASS" signature="hamburgerTest()[pri:0, instance:TestCases.ALLTest@41abee65]" name="hamburgerTest" duration-ms="4671" started-at="2020-05-22T09:44:47Z" finished-at="2020-05-22T09:44:51Z">
          <reporter-output>
          </reporter-output>
        </test-method> <!-- hamburgerTest -->
        <test-method status="PASS" signature="hamburgerTest()[pri:0, instance:TestCases.ALLTest@41abee65]" name="hamburgerTest" duration-ms="4683" started-at="2020-05-22T09:44:51Z" finished-at="2020-05-22T09:44:56Z">
          <reporter-output>
          </reporter-output>
        </test-method> <!-- hamburgerTest -->
        <test-method status="PASS" signature="hamburgerTest()[pri:0, instance:TestCases.ALLTest@41abee65]" name="hamburgerTest" duration-ms="4693" started-at="2020-05-22T09:44:56Z" finished-at="2020-05-22T09:45:01Z">
          <reporter-output>
          </reporter-output>
        </test-method> <!-- hamburgerTest -->
        <test-method status="PASS" signature="hamburgerTest()[pri:0, instance:TestCases.ALLTest@41abee65]" name="hamburgerTest" duration-ms="4675" started-at="2020-05-22T09:45:01Z" finished-at="2020-05-22T09:45:05Z">
          <reporter-output>
          </reporter-output>
        </test-method> <!-- hamburgerTest -->
        <test-method status="PASS" signature="hamburgerTest()[pri:0, instance:TestCases.ALLTest@41abee65]" name="hamburgerTest" duration-ms="4670" started-at="2020-05-22T09:45:05Z" finished-at="2020-05-22T09:45:10Z">
          <reporter-output>
          </reporter-output>
        </test-method> <!-- hamburgerTest -->
        <test-method status="PASS" signature="hamburgerTest()[pri:0, instance:TestCases.ALLTest@41abee65]" name="hamburgerTest" duration-ms="4656" started-at="2020-05-22T09:45:10Z" finished-at="2020-05-22T09:45:15Z">
          <reporter-output>
          </reporter-output>
        </test-method> <!-- hamburgerTest -->
        <test-method status="PASS" signature="hamburgerTest()[pri:0, instance:TestCases.ALLTest@41abee65]" name="hamburgerTest" duration-ms="4641" started-at="2020-05-22T09:45:15Z" finished-at="2020-05-22T09:45:19Z">
          <reporter-output>
          </reporter-output>
        </test-method> <!-- hamburgerTest -->
        <test-method status="PASS" signature="hamburgerTest()[pri:0, instance:TestCases.ALLTest@41abee65]" name="hamburgerTest" duration-ms="4641" started-at="2020-05-22T09:45:19Z" finished-at="2020-05-22T09:45:24Z">
          <reporter-output>
          </reporter-output>
        </test-method> <!-- hamburgerTest -->
        <test-method status="PASS" signature="hamburgerTest()[pri:0, instance:TestCases.ALLTest@41abee65]" name="hamburgerTest" duration-ms="4638" started-at="2020-05-22T09:45:24Z" finished-at="2020-05-22T09:45:29Z">
          <reporter-output>
          </reporter-output>
        </test-method> <!-- hamburgerTest -->
        <test-method status="PASS" signature="hamburgerTest()[pri:0, instance:TestCases.ALLTest@41abee65]" name="hamburgerTest" duration-ms="4641" started-at="2020-05-22T09:45:29Z" finished-at="2020-05-22T09:45:33Z">
          <reporter-output>
          </reporter-output>
        </test-method> <!-- hamburgerTest -->
        <test-method status="PASS" signature="hamburgerTest()[pri:0, instance:TestCases.ALLTest@41abee65]" name="hamburgerTest" duration-ms="4635" started-at="2020-05-22T09:45:33Z" finished-at="2020-05-22T09:45:38Z">
          <reporter-output>
          </reporter-output>
        </test-method> <!-- hamburgerTest -->
        <test-method status="PASS" signature="hamburgerTest()[pri:0, instance:TestCases.ALLTest@41abee65]" name="hamburgerTest" duration-ms="4640" started-at="2020-05-22T09:45:38Z" finished-at="2020-05-22T09:45:43Z">
          <reporter-output>
          </reporter-output>
        </test-method> <!-- hamburgerTest -->
        <test-method status="PASS" signature="hamburgerTest()[pri:0, instance:TestCases.ALLTest@41abee65]" name="hamburgerTest" duration-ms="4666" started-at="2020-05-22T09:45:43Z" finished-at="2020-05-22T09:45:47Z">
          <reporter-output>
          </reporter-output>
        </test-method> <!-- hamburgerTest -->
        <test-method status="PASS" signature="hamburgerTest()[pri:0, instance:TestCases.ALLTest@41abee65]" name="hamburgerTest" duration-ms="4636" started-at="2020-05-22T09:45:47Z" finished-at="2020-05-22T09:45:52Z">
          <reporter-output>
          </reporter-output>
        </test-method> <!-- hamburgerTest -->
        <test-method status="PASS" signature="hamburgerTest()[pri:0, instance:TestCases.ALLTest@41abee65]" name="hamburgerTest" duration-ms="4631" started-at="2020-05-22T09:45:52Z" finished-at="2020-05-22T09:45:56Z">
          <reporter-output>
          </reporter-output>
        </test-method> <!-- hamburgerTest -->
        <test-method status="PASS" signature="hamburgerTest()[pri:0, instance:TestCases.ALLTest@41abee65]" name="hamburgerTest" duration-ms="4645" started-at="2020-05-22T09:45:56Z" finished-at="2020-05-22T09:46:01Z">
          <reporter-output>
          </reporter-output>
        </test-method> <!-- hamburgerTest -->
        <test-method status="PASS" signature="hamburgerTest()[pri:0, instance:TestCases.ALLTest@41abee65]" name="hamburgerTest" duration-ms="4633" started-at="2020-05-22T09:46:01Z" finished-at="2020-05-22T09:46:06Z">
          <reporter-output>
          </reporter-output>
        </test-method> <!-- hamburgerTest -->
        <test-method status="PASS" signature="hamburgerTest()[pri:0, instance:TestCases.ALLTest@41abee65]" name="hamburgerTest" duration-ms="4644" started-at="2020-05-22T09:46:06Z" finished-at="2020-05-22T09:46:10Z">
          <reporter-output>
          </reporter-output>
        </test-method> <!-- hamburgerTest -->
        <test-method status="PASS" signature="hamburgerTest()[pri:0, instance:TestCases.ALLTest@41abee65]" name="hamburgerTest" duration-ms="4635" started-at="2020-05-22T09:46:10Z" finished-at="2020-05-22T09:46:15Z">
          <reporter-output>
          </reporter-output>
        </test-method> <!-- hamburgerTest -->
        <test-method status="PASS" signature="hamburgerTest()[pri:0, instance:TestCases.ALLTest@41abee65]" name="hamburgerTest" duration-ms="4648" started-at="2020-05-22T09:46:15Z" finished-at="2020-05-22T09:46:20Z">
          <reporter-output>
          </reporter-output>
        </test-method> <!-- hamburgerTest -->
        <test-method status="PASS" signature="hamburgerTest()[pri:0, instance:TestCases.ALLTest@41abee65]" name="hamburgerTest" duration-ms="4650" started-at="2020-05-22T09:46:20Z" finished-at="2020-05-22T09:46:24Z">
          <reporter-output>
          </reporter-output>
        </test-method> <!-- hamburgerTest -->
        <test-method status="PASS" signature="hamburgerTest()[pri:0, instance:TestCases.ALLTest@41abee65]" name="hamburgerTest" duration-ms="4633" started-at="2020-05-22T09:46:24Z" finished-at="2020-05-22T09:46:29Z">
          <reporter-output>
          </reporter-output>
        </test-method> <!-- hamburgerTest -->
        <test-method status="PASS" signature="hamburgerTest()[pri:0, instance:TestCases.ALLTest@41abee65]" name="hamburgerTest" duration-ms="4649" started-at="2020-05-22T09:46:29Z" finished-at="2020-05-22T09:46:34Z">
          <reporter-output>
          </reporter-output>
        </test-method> <!-- hamburgerTest -->
        <test-method status="PASS" signature="hamburgerTest()[pri:0, instance:TestCases.ALLTest@41abee65]" name="hamburgerTest" duration-ms="4744" started-at="2020-05-22T09:46:34Z" finished-at="2020-05-22T09:46:38Z">
          <reporter-output>
          </reporter-output>
        </test-method> <!-- hamburgerTest -->
        <test-method status="PASS" signature="hamburgerTest()[pri:0, instance:TestCases.ALLTest@41abee65]" name="hamburgerTest" duration-ms="4645" started-at="2020-05-22T09:46:38Z" finished-at="2020-05-22T09:46:43Z">
          <reporter-output>
          </reporter-output>
        </test-method> <!-- hamburgerTest -->
        <test-method status="PASS" signature="hamburgerTest()[pri:0, instance:TestCases.ALLTest@41abee65]" name="hamburgerTest" duration-ms="4666" started-at="2020-05-22T09:46:43Z" finished-at="2020-05-22T09:46:48Z">
          <reporter-output>
          </reporter-output>
        </test-method> <!-- hamburgerTest -->
        <test-method status="PASS" signature="hamburgerTest()[pri:0, instance:TestCases.ALLTest@41abee65]" name="hamburgerTest" duration-ms="4678" started-at="2020-05-22T09:46:48Z" finished-at="2020-05-22T09:46:52Z">
          <reporter-output>
          </reporter-output>
        </test-method> <!-- hamburgerTest -->
        <test-method status="PASS" signature="hamburgerTest()[pri:0, instance:TestCases.ALLTest@41abee65]" name="hamburgerTest" duration-ms="4643" started-at="2020-05-22T09:46:52Z" finished-at="2020-05-22T09:46:57Z">
          <reporter-output>
          </reporter-output>
        </test-method> <!-- hamburgerTest -->
        <test-method status="PASS" signature="hamburgerTest()[pri:0, instance:TestCases.ALLTest@41abee65]" name="hamburgerTest" duration-ms="4645" started-at="2020-05-22T09:46:57Z" finished-at="2020-05-22T09:47:02Z">
          <reporter-output>
          </reporter-output>
        </test-method> <!-- hamburgerTest -->
        <test-method status="PASS" signature="hamburgerTest()[pri:0, instance:TestCases.ALLTest@41abee65]" name="hamburgerTest" duration-ms="4667" started-at="2020-05-22T09:47:02Z" finished-at="2020-05-22T09:47:06Z">
          <reporter-output>
          </reporter-output>
        </test-method> <!-- hamburgerTest -->
        <test-method status="PASS" signature="hamburgerTest()[pri:0, instance:TestCases.ALLTest@41abee65]" name="hamburgerTest" duration-ms="4659" started-at="2020-05-22T09:47:06Z" finished-at="2020-05-22T09:47:11Z">
          <reporter-output>
          </reporter-output>
        </test-method> <!-- hamburgerTest -->
        <test-method status="PASS" signature="hamburgerTest()[pri:0, instance:TestCases.ALLTest@41abee65]" name="hamburgerTest" duration-ms="4664" started-at="2020-05-22T09:47:11Z" finished-at="2020-05-22T09:47:16Z">
          <reporter-output>
          </reporter-output>
        </test-method> <!-- hamburgerTest -->
        <test-method status="PASS" signature="hamburgerTest()[pri:0, instance:TestCases.ALLTest@41abee65]" name="hamburgerTest" duration-ms="4659" started-at="2020-05-22T09:47:16Z" finished-at="2020-05-22T09:47:20Z">
          <reporter-output>
          </reporter-output>
        </test-method> <!-- hamburgerTest -->
        <test-method status="PASS" signature="hamburgerTest()[pri:0, instance:TestCases.ALLTest@41abee65]" name="hamburgerTest" duration-ms="4663" started-at="2020-05-22T09:47:20Z" finished-at="2020-05-22T09:47:25Z">
          <reporter-output>
          </reporter-output>
        </test-method> <!-- hamburgerTest -->
        <test-method status="PASS" signature="hamburgerTest()[pri:0, instance:TestCases.ALLTest@41abee65]" name="hamburgerTest" duration-ms="4658" started-at="2020-05-22T09:47:25Z" finished-at="2020-05-22T09:47:30Z">
          <reporter-output>
          </reporter-output>
        </test-method> <!-- hamburgerTest -->
        <test-method status="PASS" signature="hamburgerTest()[pri:0, instance:TestCases.ALLTest@41abee65]" name="hamburgerTest" duration-ms="4658" started-at="2020-05-22T09:47:30Z" finished-at="2020-05-22T09:47:34Z">
          <reporter-output>
          </reporter-output>
        </test-method> <!-- hamburgerTest -->
        <test-method status="PASS" signature="hamburgerTest()[pri:0, instance:TestCases.ALLTest@41abee65]" name="hamburgerTest" duration-ms="4668" started-at="2020-05-22T09:47:34Z" finished-at="2020-05-22T09:47:39Z">
          <reporter-output>
          </reporter-output>
        </test-method> <!-- hamburgerTest -->
        <test-method status="PASS" signature="hamburgerTest()[pri:0, instance:TestCases.ALLTest@41abee65]" name="hamburgerTest" duration-ms="4679" started-at="2020-05-22T09:47:39Z" finished-at="2020-05-22T09:47:44Z">
          <reporter-output>
          </reporter-output>
        </test-method> <!-- hamburgerTest -->
        <test-method status="PASS" signature="hamburgerTest()[pri:0, instance:TestCases.ALLTest@41abee65]" name="hamburgerTest" duration-ms="4655" started-at="2020-05-22T09:47:44Z" finished-at="2020-05-22T09:47:48Z">
          <reporter-output>
          </reporter-output>
        </test-method> <!-- hamburgerTest -->
        <test-method status="PASS" signature="hamburgerTest()[pri:0, instance:TestCases.ALLTest@41abee65]" name="hamburgerTest" duration-ms="4652" started-at="2020-05-22T09:47:48Z" finished-at="2020-05-22T09:47:53Z">
          <reporter-output>
          </reporter-output>
        </test-method> <!-- hamburgerTest -->
        <test-method status="PASS" signature="hamburgerTest()[pri:0, instance:TestCases.ALLTest@41abee65]" name="hamburgerTest" duration-ms="4677" started-at="2020-05-22T09:47:53Z" finished-at="2020-05-22T09:47:58Z">
          <reporter-output>
          </reporter-output>
        </test-method> <!-- hamburgerTest -->
        <test-method status="PASS" signature="hamburgerTest()[pri:0, instance:TestCases.ALLTest@41abee65]" name="hamburgerTest" duration-ms="4652" started-at="2020-05-22T09:47:58Z" finished-at="2020-05-22T09:48:02Z">
          <reporter-output>
          </reporter-output>
        </test-method> <!-- hamburgerTest -->
        <test-method status="PASS" signature="hamburgerTest()[pri:0, instance:TestCases.ALLTest@41abee65]" name="hamburgerTest" duration-ms="4664" started-at="2020-05-22T09:48:02Z" finished-at="2020-05-22T09:48:07Z">
          <reporter-output>
          </reporter-output>
        </test-method> <!-- hamburgerTest -->
        <test-method status="PASS" signature="hamburgerTest()[pri:0, instance:TestCases.ALLTest@41abee65]" name="hamburgerTest" duration-ms="4659" started-at="2020-05-22T09:48:07Z" finished-at="2020-05-22T09:48:12Z">
          <reporter-output>
          </reporter-output>
        </test-method> <!-- hamburgerTest -->
        <test-method status="PASS" signature="hamburgerTest()[pri:0, instance:TestCases.ALLTest@41abee65]" name="hamburgerTest" duration-ms="4663" started-at="2020-05-22T09:48:12Z" finished-at="2020-05-22T09:48:16Z">
          <reporter-output>
          </reporter-output>
        </test-method> <!-- hamburgerTest -->
        <test-method status="PASS" signature="hamburgerTest()[pri:0, instance:TestCases.ALLTest@41abee65]" name="hamburgerTest" duration-ms="4662" started-at="2020-05-22T09:48:16Z" finished-at="2020-05-22T09:48:21Z">
          <reporter-output>
          </reporter-output>
        </test-method> <!-- hamburgerTest -->
        <test-method status="PASS" signature="hamburgerTest()[pri:0, instance:TestCases.ALLTest@41abee65]" name="hamburgerTest" duration-ms="4681" started-at="2020-05-22T09:48:21Z" finished-at="2020-05-22T09:48:26Z">
          <reporter-output>
          </reporter-output>
        </test-method> <!-- hamburgerTest -->
        <test-method status="PASS" signature="hamburgerTest()[pri:0, instance:TestCases.ALLTest@41abee65]" name="hamburgerTest" duration-ms="4685" started-at="2020-05-22T09:48:26Z" finished-at="2020-05-22T09:48:30Z">
          <reporter-output>
          </reporter-output>
        </test-method> <!-- hamburgerTest -->
        <test-method status="PASS" signature="hamburgerTest()[pri:0, instance:TestCases.ALLTest@41abee65]" name="hamburgerTest" duration-ms="4645" started-at="2020-05-22T09:48:30Z" finished-at="2020-05-22T09:48:35Z">
          <reporter-output>
          </reporter-output>
        </test-method> <!-- hamburgerTest -->
        <test-method status="PASS" signature="hamburgerTest()[pri:0, instance:TestCases.ALLTest@41abee65]" name="hamburgerTest" duration-ms="4668" started-at="2020-05-22T09:48:35Z" finished-at="2020-05-22T09:48:40Z">
          <reporter-output>
          </reporter-output>
        </test-method> <!-- hamburgerTest -->
        <test-method status="PASS" signature="hamburgerTest()[pri:0, instance:TestCases.ALLTest@41abee65]" name="hamburgerTest" duration-ms="4668" started-at="2020-05-22T09:48:40Z" finished-at="2020-05-22T09:48:44Z">
          <reporter-output>
          </reporter-output>
        </test-method> <!-- hamburgerTest -->
        <test-method status="PASS" signature="hamburgerTest()[pri:0, instance:TestCases.ALLTest@41abee65]" name="hamburgerTest" duration-ms="4653" started-at="2020-05-22T09:48:44Z" finished-at="2020-05-22T09:48:49Z">
          <reporter-output>
          </reporter-output>
        </test-method> <!-- hamburgerTest -->
        <test-method status="PASS" signature="hamburgerTest()[pri:0, instance:TestCases.ALLTest@41abee65]" name="hamburgerTest" duration-ms="4669" started-at="2020-05-22T09:48:49Z" finished-at="2020-05-22T09:48:54Z">
          <reporter-output>
          </reporter-output>
        </test-method> <!-- hamburgerTest -->
        <test-method status="PASS" signature="hamburgerTest()[pri:0, instance:TestCases.ALLTest@41abee65]" name="hamburgerTest" duration-ms="4683" started-at="2020-05-22T09:48:54Z" finished-at="2020-05-22T09:48:58Z">
          <reporter-output>
          </reporter-output>
        </test-method> <!-- hamburgerTest -->
        <test-method status="PASS" signature="hamburgerTest()[pri:0, instance:TestCases.ALLTest@41abee65]" name="hamburgerTest" duration-ms="4657" started-at="2020-05-22T09:48:58Z" finished-at="2020-05-22T09:49:03Z">
          <reporter-output>
          </reporter-output>
        </test-method> <!-- hamburgerTest -->
        <test-method status="PASS" signature="hamburgerTest()[pri:0, instance:TestCases.ALLTest@41abee65]" name="hamburgerTest" duration-ms="4655" started-at="2020-05-22T09:49:03Z" finished-at="2020-05-22T09:49:08Z">
          <reporter-output>
          </reporter-output>
        </test-method> <!-- hamburgerTest -->
        <test-method status="PASS" signature="hamburgerTest()[pri:0, instance:TestCases.ALLTest@41abee65]" name="hamburgerTest" duration-ms="4661" started-at="2020-05-22T09:49:08Z" finished-at="2020-05-22T09:49:12Z">
          <reporter-output>
          </reporter-output>
        </test-method> <!-- hamburgerTest -->
        <test-method status="PASS" signature="hamburgerTest()[pri:0, instance:TestCases.ALLTest@41abee65]" name="hamburgerTest" duration-ms="4686" started-at="2020-05-22T09:49:12Z" finished-at="2020-05-22T09:49:17Z">
          <reporter-output>
          </reporter-output>
        </test-method> <!-- hamburgerTest -->
        <test-method status="PASS" signature="hamburgerTest()[pri:0, instance:TestCases.ALLTest@41abee65]" name="hamburgerTest" duration-ms="4684" started-at="2020-05-22T09:49:17Z" finished-at="2020-05-22T09:49:22Z">
          <reporter-output>
          </reporter-output>
        </test-method> <!-- hamburgerTest -->
        <test-method status="PASS" signature="hamburgerTest()[pri:0, instance:TestCases.ALLTest@41abee65]" name="hamburgerTest" duration-ms="4664" started-at="2020-05-22T09:49:22Z" finished-at="2020-05-22T09:49:26Z">
          <reporter-output>
          </reporter-output>
        </test-method> <!-- hamburgerTest -->
        <test-method status="PASS" signature="hamburgerTest()[pri:0, instance:TestCases.ALLTest@41abee65]" name="hamburgerTest" duration-ms="4665" started-at="2020-05-22T09:49:26Z" finished-at="2020-05-22T09:49:31Z">
          <reporter-output>
          </reporter-output>
        </test-method> <!-- hamburgerTest -->
        <test-method status="PASS" signature="hamburgerTest()[pri:0, instance:TestCases.ALLTest@41abee65]" name="hamburgerTest" duration-ms="4667" started-at="2020-05-22T09:49:31Z" finished-at="2020-05-22T09:49:36Z">
          <reporter-output>
          </reporter-output>
        </test-method> <!-- hamburgerTest -->
        <test-method status="PASS" signature="hamburgerTest()[pri:0, instance:TestCases.ALLTest@41abee65]" name="hamburgerTest" duration-ms="4672" started-at="2020-05-22T09:49:36Z" finished-at="2020-05-22T09:49:40Z">
          <reporter-output>
          </reporter-output>
        </test-method> <!-- hamburgerTest -->
        <test-method status="PASS" signature="hamburgerTest()[pri:0, instance:TestCases.ALLTest@41abee65]" name="hamburgerTest" duration-ms="4659" started-at="2020-05-22T09:49:40Z" finished-at="2020-05-22T09:49:45Z">
          <reporter-output>
          </reporter-output>
        </test-method> <!-- hamburgerTest -->
        <test-method status="PASS" signature="hamburgerTest()[pri:0, instance:TestCases.ALLTest@41abee65]" name="hamburgerTest" duration-ms="4655" started-at="2020-05-22T09:49:45Z" finished-at="2020-05-22T09:49:50Z">
          <reporter-output>
          </reporter-output>
        </test-method> <!-- hamburgerTest -->
        <test-method status="PASS" signature="hamburgerTest()[pri:0, instance:TestCases.ALLTest@41abee65]" name="hamburgerTest" duration-ms="4678" started-at="2020-05-22T09:49:50Z" finished-at="2020-05-22T09:49:54Z">
          <reporter-output>
          </reporter-output>
        </test-method> <!-- hamburgerTest -->
        <test-method status="PASS" signature="hamburgerTest()[pri:0, instance:TestCases.ALLTest@41abee65]" name="hamburgerTest" duration-ms="4666" started-at="2020-05-22T09:49:54Z" finished-at="2020-05-22T09:49:59Z">
          <reporter-output>
          </reporter-output>
        </test-method> <!-- hamburgerTest -->
        <test-method status="PASS" signature="hamburgerTest()[pri:0, instance:TestCases.ALLTest@41abee65]" name="hamburgerTest" duration-ms="4672" started-at="2020-05-22T09:49:59Z" finished-at="2020-05-22T09:50:04Z">
          <reporter-output>
          </reporter-output>
        </test-method> <!-- hamburgerTest -->
        <test-method status="PASS" signature="hamburgerTest()[pri:0, instance:TestCases.ALLTest@41abee65]" name="hamburgerTest" duration-ms="4655" started-at="2020-05-22T09:50:04Z" finished-at="2020-05-22T09:50:08Z">
          <reporter-output>
          </reporter-output>
        </test-method> <!-- hamburgerTest -->
        <test-method status="PASS" signature="hamburgerTest()[pri:0, instance:TestCases.ALLTest@41abee65]" name="hamburgerTest" duration-ms="4669" started-at="2020-05-22T09:50:08Z" finished-at="2020-05-22T09:50:13Z">
          <reporter-output>
          </reporter-output>
        </test-method> <!-- hamburgerTest -->
        <test-method status="PASS" signature="hamburgerTest()[pri:0, instance:TestCases.ALLTest@41abee65]" name="hamburgerTest" duration-ms="4668" started-at="2020-05-22T09:50:13Z" finished-at="2020-05-22T09:50:18Z">
          <reporter-output>
          </reporter-output>
        </test-method> <!-- hamburgerTest -->
        <test-method status="PASS" signature="hamburgerTest()[pri:0, instance:TestCases.ALLTest@41abee65]" name="hamburgerTest" duration-ms="4670" started-at="2020-05-22T09:50:18Z" finished-at="2020-05-22T09:50:22Z">
          <reporter-output>
          </reporter-output>
        </test-method> <!-- hamburgerTest -->
        <test-method status="PASS" signature="hamburgerTest()[pri:0, instance:TestCases.ALLTest@41abee65]" name="hamburgerTest" duration-ms="4686" started-at="2020-05-22T09:50:22Z" finished-at="2020-05-22T09:50:27Z">
          <reporter-output>
          </reporter-output>
        </test-method> <!-- hamburgerTest -->
        <test-method status="PASS" signature="hamburgerTest()[pri:0, instance:TestCases.ALLTest@41abee65]" name="hamburgerTest" duration-ms="4676" started-at="2020-05-22T09:50:27Z" finished-at="2020-05-22T09:50:32Z">
          <reporter-output>
          </reporter-output>
        </test-method> <!-- hamburgerTest -->
        <test-method status="PASS" signature="hamburgerTest()[pri:0, instance:TestCases.ALLTest@41abee65]" name="hamburgerTest" duration-ms="4679" started-at="2020-05-22T09:50:32Z" finished-at="2020-05-22T09:50:36Z">
          <reporter-output>
          </reporter-output>
        </test-method> <!-- hamburgerTest -->
        <test-method status="PASS" signature="hamburgerTest()[pri:0, instance:TestCases.ALLTest@41abee65]" name="hamburgerTest" duration-ms="4687" started-at="2020-05-22T09:50:36Z" finished-at="2020-05-22T09:50:41Z">
          <reporter-output>
          </reporter-output>
        </test-method> <!-- hamburgerTest -->
        <test-method status="PASS" signature="hamburgerTest()[pri:0, instance:TestCases.ALLTest@41abee65]" name="hamburgerTest" duration-ms="4656" started-at="2020-05-22T09:50:41Z" finished-at="2020-05-22T09:50:46Z">
          <reporter-output>
          </reporter-output>
        </test-method> <!-- hamburgerTest -->
        <test-method status="PASS" signature="hamburgerTest()[pri:0, instance:TestCases.ALLTest@41abee65]" name="hamburgerTest" duration-ms="4671" started-at="2020-05-22T09:50:46Z" finished-at="2020-05-22T09:50:50Z">
          <reporter-output>
          </reporter-output>
        </test-method> <!-- hamburgerTest -->
        <test-method status="PASS" signature="hamburgerTest()[pri:0, instance:TestCases.ALLTest@41abee65]" name="hamburgerTest" duration-ms="4659" started-at="2020-05-22T09:50:50Z" finished-at="2020-05-22T09:50:55Z">
          <reporter-output>
          </reporter-output>
        </test-method> <!-- hamburgerTest -->
        <test-method status="PASS" signature="hamburgerTest()[pri:0, instance:TestCases.ALLTest@41abee65]" name="hamburgerTest" duration-ms="4681" started-at="2020-05-22T09:50:55Z" finished-at="2020-05-22T09:51:00Z">
          <reporter-output>
          </reporter-output>
        </test-method> <!-- hamburgerTest -->
        <test-method status="PASS" signature="hamburgerTest()[pri:0, instance:TestCases.ALLTest@41abee65]" name="hamburgerTest" duration-ms="4682" started-at="2020-05-22T09:51:00Z" finished-at="2020-05-22T09:51:04Z">
          <reporter-output>
          </reporter-output>
        </test-method> <!-- hamburgerTest -->
        <test-method status="PASS" signature="hamburgerTest()[pri:0, instance:TestCases.ALLTest@41abee65]" name="hamburgerTest" duration-ms="4672" started-at="2020-05-22T09:51:04Z" finished-at="2020-05-22T09:51:09Z">
          <reporter-output>
          </reporter-output>
        </test-method> <!-- hamburgerTest -->
        <test-method status="PASS" signature="hamburgerTest()[pri:0, instance:TestCases.ALLTest@41abee65]" name="hamburgerTest" duration-ms="4647" started-at="2020-05-22T09:51:09Z" finished-at="2020-05-22T09:51:14Z">
          <reporter-output>
          </reporter-output>
        </test-method> <!-- hamburgerTest -->
        <test-method status="PASS" signature="hamburgerTest()[pri:0, instance:TestCases.ALLTest@41abee65]" name="hamburgerTest" duration-ms="4691" started-at="2020-05-22T09:51:14Z" finished-at="2020-05-22T09:51:18Z">
          <reporter-output>
          </reporter-output>
        </test-method> <!-- hamburgerTest -->
        <test-method status="PASS" signature="hamburgerTest()[pri:0, instance:TestCases.ALLTest@41abee65]" name="hamburgerTest" duration-ms="4666" started-at="2020-05-22T09:51:18Z" finished-at="2020-05-22T09:51:23Z">
          <reporter-output>
          </reporter-output>
        </test-method> <!-- hamburgerTest -->
        <test-method status="PASS" signature="hamburgerTest()[pri:0, instance:TestCases.ALLTest@41abee65]" name="hamburgerTest" duration-ms="4660" started-at="2020-05-22T09:51:23Z" finished-at="2020-05-22T09:51:28Z">
          <reporter-output>
          </reporter-output>
        </test-method> <!-- hamburgerTest -->
        <test-method status="PASS" signature="hamburgerTest()[pri:0, instance:TestCases.ALLTest@41abee65]" name="hamburgerTest" duration-ms="4699" started-at="2020-05-22T09:51:28Z" finished-at="2020-05-22T09:51:32Z">
          <reporter-output>
          </reporter-output>
        </test-method> <!-- hamburgerTest -->
        <test-method status="PASS" signature="hamburgerTest()[pri:0, instance:TestCases.ALLTest@41abee65]" name="hamburgerTest" duration-ms="4659" started-at="2020-05-22T09:51:32Z" finished-at="2020-05-22T09:51:37Z">
          <reporter-output>
          </reporter-output>
        </test-method> <!-- hamburgerTest -->
        <test-method status="PASS" signature="hamburgerTest()[pri:0, instance:TestCases.ALLTest@41abee65]" name="hamburgerTest" duration-ms="4678" started-at="2020-05-22T09:51:37Z" finished-at="2020-05-22T09:51:42Z">
          <reporter-output>
          </reporter-output>
        </test-method> <!-- hamburgerTest -->
        <test-method status="PASS" signature="hamburgerTest()[pri:0, instance:TestCases.ALLTest@41abee65]" name="hamburgerTest" duration-ms="4666" started-at="2020-05-22T09:51:42Z" finished-at="2020-05-22T09:51:46Z">
          <reporter-output>
          </reporter-output>
        </test-method> <!-- hamburgerTest -->
        <test-method status="PASS" signature="hamburgerTest()[pri:0, instance:TestCases.ALLTest@41abee65]" name="hamburgerTest" duration-ms="4667" started-at="2020-05-22T09:51:46Z" finished-at="2020-05-22T09:51:51Z">
          <reporter-output>
          </reporter-output>
        </test-method> <!-- hamburgerTest -->
        <test-method status="PASS" signature="hamburgerTest()[pri:0, instance:TestCases.ALLTest@41abee65]" name="hamburgerTest" duration-ms="4673" started-at="2020-05-22T09:51:51Z" finished-at="2020-05-22T09:51:56Z">
          <reporter-output>
          </reporter-output>
        </test-method> <!-- hamburgerTest -->
        <test-method status="PASS" signature="hamburgerTest()[pri:0, instance:TestCases.ALLTest@41abee65]" name="hamburgerTest" duration-ms="4660" started-at="2020-05-22T09:51:56Z" finished-at="2020-05-22T09:52:00Z">
          <reporter-output>
          </reporter-output>
        </test-method> <!-- hamburgerTest -->
        <test-method status="PASS" signature="hamburgerTest()[pri:0, instance:TestCases.ALLTest@41abee65]" name="hamburgerTest" duration-ms="4664" started-at="2020-05-22T09:52:00Z" finished-at="2020-05-22T09:52:05Z">
          <reporter-output>
          </reporter-output>
        </test-method> <!-- hamburgerTest -->
        <test-method status="PASS" signature="hamburgerTest()[pri:0, instance:TestCases.ALLTest@41abee65]" name="hamburgerTest" duration-ms="4666" started-at="2020-05-22T09:52:05Z" finished-at="2020-05-22T09:52:10Z">
          <reporter-output>
          </reporter-output>
        </test-method> <!-- hamburgerTest -->
        <test-method status="PASS" signature="hamburgerTest()[pri:0, instance:TestCases.ALLTest@41abee65]" name="hamburgerTest" duration-ms="4665" started-at="2020-05-22T09:52:10Z" finished-at="2020-05-22T09:52:14Z">
          <reporter-output>
          </reporter-output>
        </test-method> <!-- hamburgerTest -->
        <test-method status="PASS" signature="hamburgerTest()[pri:0, instance:TestCases.ALLTest@41abee65]" name="hamburgerTest" duration-ms="4649" started-at="2020-05-22T09:52:14Z" finished-at="2020-05-22T09:52:19Z">
          <reporter-output>
          </reporter-output>
        </test-method> <!-- hamburgerTest -->
        <test-method status="PASS" signature="hamburgerTest()[pri:0, instance:TestCases.ALLTest@41abee65]" name="hamburgerTest" duration-ms="4666" started-at="2020-05-22T09:52:19Z" finished-at="2020-05-22T09:52:24Z">
          <reporter-output>
          </reporter-output>
        </test-method> <!-- hamburgerTest -->
        <test-method status="PASS" signature="hamburgerTest()[pri:0, instance:TestCases.ALLTest@41abee65]" name="hamburgerTest" duration-ms="4666" started-at="2020-05-22T09:52:24Z" finished-at="2020-05-22T09:52:28Z">
          <reporter-output>
          </reporter-output>
        </test-method> <!-- hamburgerTest -->
        <test-method status="PASS" signature="hamburgerTest()[pri:0, instance:TestCases.ALLTest@41abee65]" name="hamburgerTest" duration-ms="4642" started-at="2020-05-22T09:52:28Z" finished-at="2020-05-22T09:52:33Z">
          <reporter-output>
          </reporter-output>
        </test-method> <!-- hamburgerTest -->
        <test-method status="PASS" signature="hamburgerTest()[pri:0, instance:TestCases.ALLTest@41abee65]" name="hamburgerTest" duration-ms="4671" started-at="2020-05-22T09:52:33Z" finished-at="2020-05-22T09:52:38Z">
          <reporter-output>
          </reporter-output>
        </test-method> <!-- hamburgerTest -->
        <test-method status="PASS" signature="hamburgerTest()[pri:0, instance:TestCases.ALLTest@41abee65]" name="hamburgerTest" duration-ms="4654" started-at="2020-05-22T09:52:38Z" finished-at="2020-05-22T09:52:42Z">
          <reporter-output>
          </reporter-output>
        </test-method> <!-- hamburgerTest -->
        <test-method status="PASS" signature="hamburgerTest()[pri:0, instance:TestCases.ALLTest@41abee65]" name="hamburgerTest" duration-ms="4668" started-at="2020-05-22T09:52:42Z" finished-at="2020-05-22T09:52:47Z">
          <reporter-output>
          </reporter-output>
        </test-method> <!-- hamburgerTest -->
        <test-method status="PASS" signature="hamburgerTest()[pri:0, instance:TestCases.ALLTest@41abee65]" name="hamburgerTest" duration-ms="4676" started-at="2020-05-22T09:52:47Z" finished-at="2020-05-22T09:52:52Z">
          <reporter-output>
          </reporter-output>
        </test-method> <!-- hamburgerTest -->
        <test-method status="PASS" signature="hamburgerTest()[pri:0, instance:TestCases.ALLTest@41abee65]" name="hamburgerTest" duration-ms="4660" started-at="2020-05-22T09:52:52Z" finished-at="2020-05-22T09:52:56Z">
          <reporter-output>
          </reporter-output>
        </test-method> <!-- hamburgerTest -->
        <test-method status="PASS" signature="hamburgerTest()[pri:0, instance:TestCases.ALLTest@41abee65]" name="hamburgerTest" duration-ms="4657" started-at="2020-05-22T09:52:56Z" finished-at="2020-05-22T09:53:01Z">
          <reporter-output>
          </reporter-output>
        </test-method> <!-- hamburgerTest -->
        <test-method status="PASS" signature="hamburgerTest()[pri:0, instance:TestCases.ALLTest@41abee65]" name="hamburgerTest" duration-ms="4672" started-at="2020-05-22T09:53:01Z" finished-at="2020-05-22T09:53:06Z">
          <reporter-output>
          </reporter-output>
        </test-method> <!-- hamburgerTest -->
        <test-method status="PASS" signature="hamburgerTest()[pri:0, instance:TestCases.ALLTest@41abee65]" name="hamburgerTest" duration-ms="4679" started-at="2020-05-22T09:53:06Z" finished-at="2020-05-22T09:53:10Z">
          <reporter-output>
          </reporter-output>
        </test-method> <!-- hamburgerTest -->
        <test-method status="PASS" signature="hamburgerTest()[pri:0, instance:TestCases.ALLTest@41abee65]" name="hamburgerTest" duration-ms="4665" started-at="2020-05-22T09:53:10Z" finished-at="2020-05-22T09:53:15Z">
          <reporter-output>
          </reporter-output>
        </test-method> <!-- hamburgerTest -->
        <test-method status="PASS" signature="hamburgerTest()[pri:0, instance:TestCases.ALLTest@41abee65]" name="hamburgerTest" duration-ms="4652" started-at="2020-05-22T09:53:15Z" finished-at="2020-05-22T09:53:20Z">
          <reporter-output>
          </reporter-output>
        </test-method> <!-- hamburgerTest -->
        <test-method status="PASS" signature="hamburgerTest()[pri:0, instance:TestCases.ALLTest@41abee65]" name="hamburgerTest" duration-ms="4638" started-at="2020-05-22T09:53:20Z" finished-at="2020-05-22T09:53:24Z">
          <reporter-output>
          </reporter-output>
        </test-method> <!-- hamburgerTest -->
        <test-method status="PASS" signature="hamburgerTest()[pri:0, instance:TestCases.ALLTest@41abee65]" name="hamburgerTest" duration-ms="4655" started-at="2020-05-22T09:53:24Z" finished-at="2020-05-22T09:53:29Z">
          <reporter-output>
          </reporter-output>
        </test-method> <!-- hamburgerTest -->
        <test-method status="PASS" signature="hamburgerTest()[pri:0, instance:TestCases.ALLTest@41abee65]" name="hamburgerTest" duration-ms="4644" started-at="2020-05-22T09:53:29Z" finished-at="2020-05-22T09:53:34Z">
          <reporter-output>
          </reporter-output>
        </test-method> <!-- hamburgerTest -->
        <test-method status="PASS" signature="hamburgerTest()[pri:0, instance:TestCases.ALLTest@41abee65]" name="hamburgerTest" duration-ms="4655" started-at="2020-05-22T09:53:34Z" finished-at="2020-05-22T09:53:38Z">
          <reporter-output>
          </reporter-output>
        </test-method> <!-- hamburgerTest -->
        <test-method status="PASS" signature="hamburgerTest()[pri:0, instance:TestCases.ALLTest@41abee65]" name="hamburgerTest" duration-ms="4658" started-at="2020-05-22T09:53:38Z" finished-at="2020-05-22T09:53:43Z">
          <reporter-output>
          </reporter-output>
        </test-method> <!-- hamburgerTest -->
        <test-method status="PASS" signature="hamburgerTest()[pri:0, instance:TestCases.ALLTest@41abee65]" name="hamburgerTest" duration-ms="4657" started-at="2020-05-22T09:53:43Z" finished-at="2020-05-22T09:53:48Z">
          <reporter-output>
          </reporter-output>
        </test-method> <!-- hamburgerTest -->
        <test-method status="PASS" signature="hamburgerTest()[pri:0, instance:TestCases.ALLTest@41abee65]" name="hamburgerTest" duration-ms="4643" started-at="2020-05-22T09:53:48Z" finished-at="2020-05-22T09:53:52Z">
          <reporter-output>
          </reporter-output>
        </test-method> <!-- hamburgerTest -->
        <test-method status="PASS" signature="hamburgerTest()[pri:0, instance:TestCases.ALLTest@41abee65]" name="hamburgerTest" duration-ms="4635" started-at="2020-05-22T09:53:52Z" finished-at="2020-05-22T09:53:57Z">
          <reporter-output>
          </reporter-output>
        </test-method> <!-- hamburgerTest -->
        <test-method status="PASS" signature="hamburgerTest()[pri:0, instance:TestCases.ALLTest@41abee65]" name="hamburgerTest" duration-ms="4660" started-at="2020-05-22T09:53:57Z" finished-at="2020-05-22T09:54:02Z">
          <reporter-output>
          </reporter-output>
        </test-method> <!-- hamburgerTest -->
        <test-method status="PASS" signature="hamburgerTest()[pri:0, instance:TestCases.ALLTest@41abee65]" name="hamburgerTest" duration-ms="4650" started-at="2020-05-22T09:54:02Z" finished-at="2020-05-22T09:54:06Z">
          <reporter-output>
          </reporter-output>
        </test-method> <!-- hamburgerTest -->
        <test-method status="PASS" signature="hamburgerTest()[pri:0, instance:TestCases.ALLTest@41abee65]" name="hamburgerTest" duration-ms="4642" started-at="2020-05-22T09:54:06Z" finished-at="2020-05-22T09:54:11Z">
          <reporter-output>
          </reporter-output>
        </test-method> <!-- hamburgerTest -->
        <test-method status="PASS" signature="hamburgerTest()[pri:0, instance:TestCases.ALLTest@41abee65]" name="hamburgerTest" duration-ms="4643" started-at="2020-05-22T09:54:11Z" finished-at="2020-05-22T09:54:15Z">
          <reporter-output>
          </reporter-output>
        </test-method> <!-- hamburgerTest -->
        <test-method status="PASS" signature="hamburgerTest()[pri:0, instance:TestCases.ALLTest@41abee65]" name="hamburgerTest" duration-ms="4669" started-at="2020-05-22T09:54:15Z" finished-at="2020-05-22T09:54:20Z">
          <reporter-output>
          </reporter-output>
        </test-method> <!-- hamburgerTest -->
        <test-method status="PASS" signature="hamburgerTest()[pri:0, instance:TestCases.ALLTest@41abee65]" name="hamburgerTest" duration-ms="4659" started-at="2020-05-22T09:54:20Z" finished-at="2020-05-22T09:54:25Z">
          <reporter-output>
          </reporter-output>
        </test-method> <!-- hamburgerTest -->
        <test-method status="PASS" signature="hamburgerTest()[pri:0, instance:TestCases.ALLTest@41abee65]" name="hamburgerTest" duration-ms="4674" started-at="2020-05-22T09:54:25Z" finished-at="2020-05-22T09:54:29Z">
          <reporter-output>
          </reporter-output>
        </test-method> <!-- hamburgerTest -->
        <test-method status="PASS" signature="hamburgerTest()[pri:0, instance:TestCases.ALLTest@41abee65]" name="hamburgerTest" duration-ms="4663" started-at="2020-05-22T09:54:29Z" finished-at="2020-05-22T09:54:34Z">
          <reporter-output>
          </reporter-output>
        </test-method> <!-- hamburgerTest -->
        <test-method status="PASS" signature="hamburgerTest()[pri:0, instance:TestCases.ALLTest@41abee65]" name="hamburgerTest" duration-ms="4650" started-at="2020-05-22T09:54:34Z" finished-at="2020-05-22T09:54:39Z">
          <reporter-output>
          </reporter-output>
        </test-method> <!-- hamburgerTest -->
        <test-method status="PASS" signature="hamburgerTest()[pri:0, instance:TestCases.ALLTest@41abee65]" name="hamburgerTest" duration-ms="4670" started-at="2020-05-22T09:54:39Z" finished-at="2020-05-22T09:54:43Z">
          <reporter-output>
          </reporter-output>
        </test-method> <!-- hamburgerTest -->
        <test-method status="FAIL" signature="LandingSearchBeforeloggedIn()[pri:1, instance:TestCases.ALLTest@41abee65]" name="LandingSearchBeforeloggedIn" duration-ms="114" started-at="2020-05-22T09:54:43Z" finished-at="2020-05-22T09:54:44Z">
          <exception class="org.openqa.selenium.ElementNotInteractableException">
            <message>
              <![CDATA[Element <span class="input-group-btn"> could not be scrolled into view
Build info: version: '3.141.59', revision: 'e82be7d358', time: '2018-11-14T08:25:48'
System info: host: 'ML-J5P86S2', ip: '192.168.13.1', os.name: 'Windows 10', os.arch: 'amd64', os.version: '10.0', java.version: '1.8.0_251'
Driver info: org.openqa.selenium.firefox.FirefoxDriver
Capabilities {acceptInsecureCerts: true, browserName: firefox, browserVersion: 72.0.2, javascriptEnabled: true, moz:accessibilityChecks: false, moz:buildID: 20200117190643, moz:geckodriverVersion: 0.23.0, moz:headless: false, moz:processID: 21336, moz:profile: C:\Users\deepak.kumar\AppDa..., moz:shutdownTimeout: 60000, moz:useNonSpecCompliantPointerOrigin: false, moz:webdriverClick: true, pageLoadStrategy: normal, platform: WINDOWS, platformName: WINDOWS, platformVersion: 10.0, rotatable: false, setWindowRect: true, strictFileInteractability: false, timeouts: {implicit: 0, pageLoad: 300000, script: 30000}, unhandledPromptBehavior: dismiss and notify}
Session ID: 2ea88299-00b5-494d-bb35-078ac5be7350]]>
            </message>
            <full-stacktrace>
              <![CDATA[org.openqa.selenium.ElementNotInteractableException: Element <span class="input-group-btn"> could not be scrolled into view
Build info: version: '3.141.59', revision: 'e82be7d358', time: '2018-11-14T08:25:48'
System info: host: 'ML-J5P86S2', ip: '192.168.13.1', os.name: 'Windows 10', os.arch: 'amd64', os.version: '10.0', java.version: '1.8.0_251'
Driver info: org.openqa.selenium.firefox.FirefoxDriver
Capabilities {acceptInsecureCerts: true, browserName: firefox, browserVersion: 72.0.2, javascriptEnabled: true, moz:accessibilityChecks: false, moz:buildID: 20200117190643, moz:geckodriverVersion: 0.23.0, moz:headless: false, moz:processID: 21336, moz:profile: C:\Users\deepak.kumar\AppDa..., moz:shutdownTimeout: 60000, moz:useNonSpecCompliantPointerOrigin: false, moz:webdriverClick: true, pageLoadStrategy: normal, platform: WINDOWS, platformName: WINDOWS, platformVersion: 10.0, rotatable: false, setWindowRect: true, strictFileInteractability: false, timeouts: {implicit: 0, pageLoad: 300000, script: 30000}, unhandledPromptBehavior: dismiss and notify}
Session ID: 2ea88299-00b5-494d-bb35-078ac5be7350
at sun.reflect.NativeConstructorAccessorImpl.newInstance0(Native Method)
at sun.reflect.NativeConstructorAccessorImpl.newInstance(Unknown Source)
at sun.reflect.DelegatingConstructorAccessorImpl.newInstance(Unknown Source)
at java.lang.reflect.Constructor.newInstance(Unknown Source)
at org.openqa.selenium.remote.http.W3CHttpResponseCodec.createException(W3CHttpResponseCodec.java:187)
at org.openqa.selenium.remote.http.W3CHttpResponseCodec.decode(W3CHttpResponseCodec.java:122)
at org.openqa.selenium.remote.http.W3CHttpResponseCodec.decode(W3CHttpResponseCodec.java:49)
at org.openqa.selenium.remote.HttpCommandExecutor.execute(HttpCommandExecutor.java:158)
at org.openqa.selenium.remote.service.DriverCommandExecutor.execute(DriverCommandExecutor.java:83)
at org.openqa.selenium.remote.RemoteWebDriver.execute(RemoteWebDriver.java:552)
at org.openqa.selenium.remote.RemoteWebElement.execute(RemoteWebElement.java:285)
at org.openqa.selenium.remote.RemoteWebElement.click(RemoteWebElement.java:84)
at TestCases.ALLTest.LandingSearchBeforeloggedIn(ALLTest.java:82)
at sun.reflect.NativeMethodAccessorImpl.invoke0(Native Method)
at sun.reflect.NativeMethodAccessorImpl.invoke(Unknown Source)
at sun.reflect.DelegatingMethodAccessorImpl.invoke(Unknown Source)
at java.lang.reflect.Method.invoke(Unknown Source)
at org.testng.internal.MethodInvocationHelper.invokeMethod(MethodInvocationHelper.java:124)
at org.testng.internal.Invoker.invokeMethod(Invoker.java:580)
at org.testng.internal.Invoker.invokeTestMethod(Invoker.java:716)
at org.testng.internal.Invoker.invokeTestMethods(Invoker.java:988)
at org.testng.internal.TestMethodWorker.invokeTestMethods(TestMethodWorker.java:125)
at org.testng.internal.TestMethodWorker.run(TestMethodWorker.java:109)
at org.testng.TestRunner.privateRun(TestRunner.java:648)
at org.testng.TestRunner.run(TestRunner.java:505)
at org.testng.SuiteRunner.runTest(SuiteRunner.java:455)
at org.testng.SuiteRunner.runSequentially(SuiteRunner.java:450)
at org.testng.SuiteRunner.privateRun(SuiteRunner.java:415)
at org.testng.SuiteRunner.run(SuiteRunner.java:364)
at org.testng.SuiteRunnerWorker.runSuite(SuiteRunnerWorker.java:52)
at org.testng.SuiteRunnerWorker.run(SuiteRunnerWorker.java:84)
at org.testng.TestNG.runSuitesSequentially(TestNG.java:1208)
at org.testng.TestNG.runSuitesLocally(TestNG.java:1137)
at org.testng.TestNG.runSuites(TestNG.java:1049)
at org.testng.TestNG.run(TestNG.java:1017)
at org.testng.remote.AbstractRemoteTestNG.run(AbstractRemoteTestNG.java:114)
at org.testng.remote.RemoteTestNG.initAndRun(RemoteTestNG.java:251)
at org.testng.remote.RemoteTestNG.main(RemoteTestNG.java:77)
]]>
            </full-stacktrace>
          </exception> <!-- org.openqa.selenium.ElementNotInteractableException -->
          <reporter-output>
          </reporter-output>
        </test-method> <!-- LandingSearchBeforeloggedIn -->
        <test-method status="FAIL" signature="LandingSearchBeforeloggedIn()[pri:1, instance:TestCases.ALLTest@41abee65]" name="LandingSearchBeforeloggedIn" duration-ms="92" started-at="2020-05-22T09:54:44Z" finished-at="2020-05-22T09:54:44Z">
          <exception class="org.openqa.selenium.ElementNotInteractableException">
            <message>
              <![CDATA[Element <span class="input-group-btn"> could not be scrolled into view
Build info: version: '3.141.59', revision: 'e82be7d358', time: '2018-11-14T08:25:48'
System info: host: 'ML-J5P86S2', ip: '192.168.13.1', os.name: 'Windows 10', os.arch: 'amd64', os.version: '10.0', java.version: '1.8.0_251'
Driver info: org.openqa.selenium.firefox.FirefoxDriver
Capabilities {acceptInsecureCerts: true, browserName: firefox, browserVersion: 72.0.2, javascriptEnabled: true, moz:accessibilityChecks: false, moz:buildID: 20200117190643, moz:geckodriverVersion: 0.23.0, moz:headless: false, moz:processID: 21336, moz:profile: C:\Users\deepak.kumar\AppDa..., moz:shutdownTimeout: 60000, moz:useNonSpecCompliantPointerOrigin: false, moz:webdriverClick: true, pageLoadStrategy: normal, platform: WINDOWS, platformName: WINDOWS, platformVersion: 10.0, rotatable: false, setWindowRect: true, strictFileInteractability: false, timeouts: {implicit: 0, pageLoad: 300000, script: 30000}, unhandledPromptBehavior: dismiss and notify}
Session ID: 2ea88299-00b5-494d-bb35-078ac5be7350]]>
            </message>
            <full-stacktrace>
              <![CDATA[org.openqa.selenium.ElementNotInteractableException: Element <span class="input-group-btn"> could not be scrolled into view
Build info: version: '3.141.59', revision: 'e82be7d358', time: '2018-11-14T08:25:48'
System info: host: 'ML-J5P86S2', ip: '192.168.13.1', os.name: 'Windows 10', os.arch: 'amd64', os.version: '10.0', java.version: '1.8.0_251'
Driver info: org.openqa.selenium.firefox.FirefoxDriver
Capabilities {acceptInsecureCerts: true, browserName: firefox, browserVersion: 72.0.2, javascriptEnabled: true, moz:accessibilityChecks: false, moz:buildID: 20200117190643, moz:geckodriverVersion: 0.23.0, moz:headless: false, moz:processID: 21336, moz:profile: C:\Users\deepak.kumar\AppDa..., moz:shutdownTimeout: 60000, moz:useNonSpecCompliantPointerOrigin: false, moz:webdriverClick: true, pageLoadStrategy: normal, platform: WINDOWS, platformName: WINDOWS, platformVersion: 10.0, rotatable: false, setWindowRect: true, strictFileInteractability: false, timeouts: {implicit: 0, pageLoad: 300000, script: 30000}, unhandledPromptBehavior: dismiss and notify}
Session ID: 2ea88299-00b5-494d-bb35-078ac5be7350
at sun.reflect.NativeConstructorAccessorImpl.newInstance0(Native Method)
at sun.reflect.NativeConstructorAccessorImpl.newInstance(Unknown Source)
at sun.reflect.DelegatingConstructorAccessorImpl.newInstance(Unknown Source)
at java.lang.reflect.Constructor.newInstance(Unknown Source)
at org.openqa.selenium.remote.http.W3CHttpResponseCodec.createException(W3CHttpResponseCodec.java:187)
at org.openqa.selenium.remote.http.W3CHttpResponseCodec.decode(W3CHttpResponseCodec.java:122)
at org.openqa.selenium.remote.http.W3CHttpResponseCodec.decode(W3CHttpResponseCodec.java:49)
at org.openqa.selenium.remote.HttpCommandExecutor.execute(HttpCommandExecutor.java:158)
at org.openqa.selenium.remote.service.DriverCommandExecutor.execute(DriverCommandExecutor.java:83)
at org.openqa.selenium.remote.RemoteWebDriver.execute(RemoteWebDriver.java:552)
at org.openqa.selenium.remote.RemoteWebElement.execute(RemoteWebElement.java:285)
at org.openqa.selenium.remote.RemoteWebElement.click(RemoteWebElement.java:84)
at TestCases.ALLTest.LandingSearchBeforeloggedIn(ALLTest.java:82)
at sun.reflect.NativeMethodAccessorImpl.invoke0(Native Method)
at sun.reflect.NativeMethodAccessorImpl.invoke(Unknown Source)
at sun.reflect.DelegatingMethodAccessorImpl.invoke(Unknown Source)
at java.lang.reflect.Method.invoke(Unknown Source)
at org.testng.internal.MethodInvocationHelper.invokeMethod(MethodInvocationHelper.java:124)
at org.testng.internal.Invoker.invokeMethod(Invoker.java:580)
at org.testng.internal.Invoker.invokeTestMethod(Invoker.java:716)
at org.testng.internal.Invoker.invokeTestMethods(Invoker.java:988)
at org.testng.internal.TestMethodWorker.invokeTestMethods(TestMethodWorker.java:125)
at org.testng.internal.TestMethodWorker.run(TestMethodWorker.java:109)
at org.testng.TestRunner.privateRun(TestRunner.java:648)
at org.testng.TestRunner.run(TestRunner.java:505)
at org.testng.SuiteRunner.runTest(SuiteRunner.java:455)
at org.testng.SuiteRunner.runSequentially(SuiteRunner.java:450)
at org.testng.SuiteRunner.privateRun(SuiteRunner.java:415)
at org.testng.SuiteRunner.run(SuiteRunner.java:364)
at org.testng.SuiteRunnerWorker.runSuite(SuiteRunnerWorker.java:52)
at org.testng.SuiteRunnerWorker.run(SuiteRunnerWorker.java:84)
at org.testng.TestNG.runSuitesSequentially(TestNG.java:1208)
at org.testng.TestNG.runSuitesLocally(TestNG.java:1137)
at org.testng.TestNG.runSuites(TestNG.java:1049)
at org.testng.TestNG.run(TestNG.java:1017)
at org.testng.remote.AbstractRemoteTestNG.run(AbstractRemoteTestNG.java:114)
at org.testng.remote.RemoteTestNG.initAndRun(RemoteTestNG.java:251)
at org.testng.remote.RemoteTestNG.main(RemoteTestNG.java:77)
]]>
            </full-stacktrace>
          </exception> <!-- org.openqa.selenium.ElementNotInteractableException -->
          <reporter-output>
          </reporter-output>
        </test-method> <!-- LandingSearchBeforeloggedIn -->
        <test-method status="FAIL" signature="LandingSearchBeforeloggedIn()[pri:1, instance:TestCases.ALLTest@41abee65]" name="LandingSearchBeforeloggedIn" duration-ms="80" started-at="2020-05-22T09:54:44Z" finished-at="2020-05-22T09:54:44Z">
          <exception class="org.openqa.selenium.ElementNotInteractableException">
            <message>
              <![CDATA[Element <span class="input-group-btn"> could not be scrolled into view
Build info: version: '3.141.59', revision: 'e82be7d358', time: '2018-11-14T08:25:48'
System info: host: 'ML-J5P86S2', ip: '192.168.13.1', os.name: 'Windows 10', os.arch: 'amd64', os.version: '10.0', java.version: '1.8.0_251'
Driver info: org.openqa.selenium.firefox.FirefoxDriver
Capabilities {acceptInsecureCerts: true, browserName: firefox, browserVersion: 72.0.2, javascriptEnabled: true, moz:accessibilityChecks: false, moz:buildID: 20200117190643, moz:geckodriverVersion: 0.23.0, moz:headless: false, moz:processID: 21336, moz:profile: C:\Users\deepak.kumar\AppDa..., moz:shutdownTimeout: 60000, moz:useNonSpecCompliantPointerOrigin: false, moz:webdriverClick: true, pageLoadStrategy: normal, platform: WINDOWS, platformName: WINDOWS, platformVersion: 10.0, rotatable: false, setWindowRect: true, strictFileInteractability: false, timeouts: {implicit: 0, pageLoad: 300000, script: 30000}, unhandledPromptBehavior: dismiss and notify}
Session ID: 2ea88299-00b5-494d-bb35-078ac5be7350]]>
            </message>
            <full-stacktrace>
              <![CDATA[org.openqa.selenium.ElementNotInteractableException: Element <span class="input-group-btn"> could not be scrolled into view
Build info: version: '3.141.59', revision: 'e82be7d358', time: '2018-11-14T08:25:48'
System info: host: 'ML-J5P86S2', ip: '192.168.13.1', os.name: 'Windows 10', os.arch: 'amd64', os.version: '10.0', java.version: '1.8.0_251'
Driver info: org.openqa.selenium.firefox.FirefoxDriver
Capabilities {acceptInsecureCerts: true, browserName: firefox, browserVersion: 72.0.2, javascriptEnabled: true, moz:accessibilityChecks: false, moz:buildID: 20200117190643, moz:geckodriverVersion: 0.23.0, moz:headless: false, moz:processID: 21336, moz:profile: C:\Users\deepak.kumar\AppDa..., moz:shutdownTimeout: 60000, moz:useNonSpecCompliantPointerOrigin: false, moz:webdriverClick: true, pageLoadStrategy: normal, platform: WINDOWS, platformName: WINDOWS, platformVersion: 10.0, rotatable: false, setWindowRect: true, strictFileInteractability: false, timeouts: {implicit: 0, pageLoad: 300000, script: 30000}, unhandledPromptBehavior: dismiss and notify}
Session ID: 2ea88299-00b5-494d-bb35-078ac5be7350
at sun.reflect.NativeConstructorAccessorImpl.newInstance0(Native Method)
at sun.reflect.NativeConstructorAccessorImpl.newInstance(Unknown Source)
at sun.reflect.DelegatingConstructorAccessorImpl.newInstance(Unknown Source)
at java.lang.reflect.Constructor.newInstance(Unknown Source)
at org.openqa.selenium.remote.http.W3CHttpResponseCodec.createException(W3CHttpResponseCodec.java:187)
at org.openqa.selenium.remote.http.W3CHttpResponseCodec.decode(W3CHttpResponseCodec.java:122)
at org.openqa.selenium.remote.http.W3CHttpResponseCodec.decode(W3CHttpResponseCodec.java:49)
at org.openqa.selenium.remote.HttpCommandExecutor.execute(HttpCommandExecutor.java:158)
at org.openqa.selenium.remote.service.DriverCommandExecutor.execute(DriverCommandExecutor.java:83)
at org.openqa.selenium.remote.RemoteWebDriver.execute(RemoteWebDriver.java:552)
at org.openqa.selenium.remote.RemoteWebElement.execute(RemoteWebElement.java:285)
at org.openqa.selenium.remote.RemoteWebElement.click(RemoteWebElement.java:84)
at TestCases.ALLTest.LandingSearchBeforeloggedIn(ALLTest.java:82)
at sun.reflect.NativeMethodAccessorImpl.invoke0(Native Method)
at sun.reflect.NativeMethodAccessorImpl.invoke(Unknown Source)
at sun.reflect.DelegatingMethodAccessorImpl.invoke(Unknown Source)
at java.lang.reflect.Method.invoke(Unknown Source)
at org.testng.internal.MethodInvocationHelper.invokeMethod(MethodInvocationHelper.java:124)
at org.testng.internal.Invoker.invokeMethod(Invoker.java:580)
at org.testng.internal.Invoker.invokeTestMethod(Invoker.java:716)
at org.testng.internal.Invoker.invokeTestMethods(Invoker.java:988)
[...]
at sun.reflect.DelegatingConstructorAccessorImpl.newInstance(Unknown Source)
at java.lang.reflect.Constructor.newInstance(Unknown Source)
at org.openqa.selenium.remote.http.W3CHttpResponseCodec.createException(W3CHttpResponseCodec.java:187)
at org.openqa.selenium.remote.http.W3CHttpResponseCodec.decode(W3CHttpResponseCodec.java:122)
at org.openqa.selenium.remote.http.W3CHttpResponseCodec.decode(W3CHttpResponseCodec.java:49)
at org.openqa.selenium.remote.HttpCommandExecutor.execute(HttpCommandExecutor.java:158)
at org.openqa.selenium.remote.service.DriverCommandExecutor.execute(DriverCommandExecutor.java:83)
at org.openqa.selenium.remote.RemoteWebDriver.execute(RemoteWebDriver.java:552)
at org.openqa.selenium.remote.RemoteWebDriver.findElement(RemoteWebDriver.java:323)
at org.openqa.selenium.remote.RemoteWebDriver.findElementByXPath(RemoteWebDriver.java:428)
at org.openqa.selenium.By$ByXPath.findElement(By.java:353)
at org.openqa.selenium.remote.RemoteWebDriver.findElement(RemoteWebDriver.java:315)
at ObjectRepository.LandingApplication.Hamburger(LandingApplication.java:71)
at TestCases.ALLTest.MystuffCheckout(ALLTest.java:189)
at sun.reflect.NativeMethodAccessorImpl.invoke0(Native Method)
at sun.reflect.NativeMethodAccessorImpl.invoke(Unknown Source)
at sun.reflect.DelegatingMethodAccessorImpl.invoke(Unknown Source)
at java.lang.reflect.Method.invoke(Unknown Source)
at org.testng.internal.MethodInvocationHelper.invokeMethod(MethodInvocationHelper.java:124)
at org.testng.internal.Invoker.invokeMethod(Invoker.java:580)
at org.testng.internal.Invoker.invokeTestMethod(Invoker.java:716)
at org.testng.internal.Invoker.invokeTestMethods(Invoker.java:988)
at org.testng.internal.TestMethodWorker.invokeTestMethods(TestMethodWorker.java:125)
at org.testng.internal.TestMethodWorker.run(TestMethodWorker.java:109)
at org.testng.TestRunner.privateRun(TestRunner.java:648)
at org.testng.TestRunner.run(TestRunner.java:505)
at org.testng.SuiteRunner.runTest(SuiteRunner.java:455)
at org.testng.SuiteRunner.runSequentially(SuiteRunner.java:450)
at org.testng.SuiteRunner.privateRun(SuiteRunner.java:415)
at org.testng.SuiteRunner.run(SuiteRunner.java:364)
at org.testng.SuiteRunnerWorker.runSuite(SuiteRunnerWorker.java:52)
at org.testng.SuiteRunnerWorker.run(SuiteRunnerWorker.java:84)
at org.testng.TestNG.runSuitesSequentially(TestNG.java:1208)
at org.testng.TestNG.runSuitesLocally(TestNG.java:1137)
at org.testng.TestNG.runSuites(TestNG.java:1049)
at org.testng.TestNG.run(TestNG.java:1017)
at org.testng.remote.AbstractRemoteTestNG.run(AbstractRemoteTestNG.java:114)
at org.testng.remote.RemoteTestNG.initAndRun(RemoteTestNG.java:251)
at org.testng.remote.RemoteTestNG.main(RemoteTestNG.java:77)
]]>
            </full-stacktrace>
          </exception> <!-- org.openqa.selenium.NoSuchSessionException -->
          <reporter-output>
          </reporter-output>
        </test-method> <!-- MystuffCheckout -->
        <test-method status="FAIL" signature="MystuffHold()[pri:12, instance:TestCases.ALLTest@41abee65]" name="MystuffHold" duration-ms="15" started-at="2020-05-22T09:56:25Z" finished-at="2020-05-22T09:56:25Z">
          <exception class="org.openqa.selenium.NoSuchSessionException">
            <message>
              <![CDATA[Tried to run command without establishing a connection
Build info: version: '3.141.59', revision: 'e82be7d358', time: '2018-11-14T08:25:48'
System info: host: 'ML-J5P86S2', ip: '192.168.13.1', os.name: 'Windows 10', os.arch: 'amd64', os.version: '10.0', java.version: '1.8.0_251'
Driver info: org.openqa.selenium.firefox.FirefoxDriver
Capabilities {acceptInsecureCerts: true, browserName: firefox, browserVersion: 72.0.2, javascriptEnabled: true, moz:accessibilityChecks: false, moz:buildID: 20200117190643, moz:geckodriverVersion: 0.23.0, moz:headless: false, moz:processID: 21336, moz:profile: C:\Users\deepak.kumar\AppDa..., moz:shutdownTimeout: 60000, moz:useNonSpecCompliantPointerOrigin: false, moz:webdriverClick: true, pageLoadStrategy: normal, platform: WINDOWS, platformName: WINDOWS, platformVersion: 10.0, rotatable: false, setWindowRect: true, strictFileInteractability: false, timeouts: {implicit: 0, pageLoad: 300000, script: 30000}, unhandledPromptBehavior: dismiss and notify}
Session ID: 2ea88299-00b5-494d-bb35-078ac5be7350
*** Element info: {Using=xpath, value=.//*[@class='inactive']}]]>
            </message>
            <full-stacktrace>
              <![CDATA[org.openqa.selenium.NoSuchSessionException: Tried to run command without establishing a connection
Build info: version: '3.141.59', revision: 'e82be7d358', time: '2018-11-14T08:25:48'
System info: host: 'ML-J5P86S2', ip: '192.168.13.1', os.name: 'Windows 10', os.arch: 'amd64', os.version: '10.0', java.version: '1.8.0_251'
Driver info: org.openqa.selenium.firefox.FirefoxDriver
Capabilities {acceptInsecureCerts: true, browserName: firefox, browserVersion: 72.0.2, javascriptEnabled: true, moz:accessibilityChecks: false, moz:buildID: 20200117190643, moz:geckodriverVersion: 0.23.0, moz:headless: false, moz:processID: 21336, moz:profile: C:\Users\deepak.kumar\AppDa..., moz:shutdownTimeout: 60000, moz:useNonSpecCompliantPointerOrigin: false, moz:webdriverClick: true, pageLoadStrategy: normal, platform: WINDOWS, platformName: WINDOWS, platformVersion: 10.0, rotatable: false, setWindowRect: true, strictFileInteractability: false, timeouts: {implicit: 0, pageLoad: 300000, script: 30000}, unhandledPromptBehavior: dismiss and notify}
Session ID: 2ea88299-00b5-494d-bb35-078ac5be7350
*** Element info: {Using=xpath, value=.//*[@class='inactive']}
at sun.reflect.NativeConstructorAccessorImpl.newInstance0(Native Method)
at sun.reflect.NativeConstructorAccessorImpl.newInstance(Unknown Source)
at sun.reflect.DelegatingConstructorAccessorImpl.newInstance(Unknown Source)
at java.lang.reflect.Constructor.newInstance(Unknown Source)
at org.openqa.selenium.remote.http.W3CHttpResponseCodec.createException(W3CHttpResponseCodec.java:187)
at org.openqa.selenium.remote.http.W3CHttpResponseCodec.decode(W3CHttpResponseCodec.java:122)
at org.openqa.selenium.remote.http.W3CHttpResponseCodec.decode(W3CHttpResponseCodec.java:49)
at org.openqa.selenium.remote.HttpCommandExecutor.execute(HttpCommandExecutor.java:158)
at org.openqa.selenium.remote.service.DriverCommandExecutor.execute(DriverCommandExecutor.java:83)
at org.openqa.selenium.remote.RemoteWebDriver.execute(RemoteWebDriver.java:552)
at org.openqa.selenium.remote.RemoteWebDriver.findElement(RemoteWebDriver.java:323)
at org.openqa.selenium.remote.RemoteWebDriver.findElementByXPath(RemoteWebDriver.java:428)
at org.openqa.selenium.By$ByXPath.findElement(By.java:353)
at org.openqa.selenium.remote.RemoteWebDriver.findElement(RemoteWebDriver.java:315)
at ObjectRepository.LandingApplication.MyStuffHold(LandingApplication.java:116)
at TestCases.ALLTest.MystuffHold(ALLTest.java:210)
at sun.reflect.NativeMethodAccessorImpl.invoke0(Native Method)
at sun.reflect.NativeMethodAccessorImpl.invoke(Unknown Source)
at sun.reflect.DelegatingMethodAccessorImpl.invoke(Unknown Source)
at java.lang.reflect.Method.invoke(Unknown Source)
at org.testng.internal.MethodInvocationHelper.invokeMethod(MethodInvocationHelper.java:124)
at org.testng.internal.Invoker.invokeMethod(Invoker.java:580)
at org.testng.internal.Invoker.invokeTestMethod(Invoker.java:716)
at org.testng.internal.Invoker.invokeTestMethods(Invoker.java:988)
at org.testng.internal.TestMethodWorker.invokeTestMethods(TestMethodWorker.java:125)
at org.testng.internal.TestMethodWorker.run(TestMethodWorker.java:109)
at org.testng.TestRunner.privateRun(TestRunner.java:648)
at org.testng.TestRunner.run(TestRunner.java:505)
at org.testng.SuiteRunner.runTest(SuiteRunner.java:455)
at org.testng.SuiteRunner.runSequentially(SuiteRunner.java:450)
at org.testng.SuiteRunner.privateRun(SuiteRunner.java:415)
at org.testng.SuiteRunner.run(SuiteRunner.java:364)
at org.testng.SuiteRunnerWorker.runSuite(SuiteRunnerWorker.java:52)
at org.testng.SuiteRunnerWorker.run(SuiteRunnerWorker.java:84)
at org.testng.TestNG.runSuitesSequentially(TestNG.java:1208)
at org.testng.TestNG.runSuitesLocally(TestNG.java:1137)
at org.testng.TestNG.runSuites(TestNG.java:1049)
at org.testng.TestNG.run(TestNG.java:1017)
at org.testng.remote.AbstractRemoteTestNG.run(AbstractRemoteTestNG.java:114)
at org.testng.remote.RemoteTestNG.initAndRun(RemoteTestNG.java:251)
at org.testng.remote.RemoteTestNG.main(RemoteTestNG.java:77)
]]>
            </full-stacktrace>
          </exception> <!-- org.openqa.selenium.NoSuchSessionException -->
          <reporter-output>
          </reporter-output>
        </test-method> <!-- MystuffHold -->
        <test-method status="FAIL" signature="MystuffWhislist()[pri:13, instance:TestCases.ALLTest@41abee65]" name="MystuffWhislist" duration-ms="15" started-at="2020-05-22T09:56:25Z" finished-at="2020-05-22T09:56:25Z">
          <exception class="org.openqa.selenium.NoSuchSessionException">
            <message>
              <![CDATA[Tried to run command without establishing a connection
Build info: version: '3.141.59', revision: 'e82be7d358', time: '2018-11-14T08:25:48'
System info: host: 'ML-J5P86S2', ip: '192.168.13.1', os.name: 'Windows 10', os.arch: 'amd64', os.version: '10.0', java.version: '1.8.0_251'
Driver info: org.openqa.selenium.firefox.FirefoxDriver
Capabilities {acceptInsecureCerts: true, browserName: firefox, browserVersion: 72.0.2, javascriptEnabled: true, moz:accessibilityChecks: false, moz:buildID: 20200117190643, moz:geckodriverVersion: 0.23.0, moz:headless: false, moz:processID: 21336, moz:profile: C:\Users\deepak.kumar\AppDa..., moz:shutdownTimeout: 60000, moz:useNonSpecCompliantPointerOrigin: false, moz:webdriverClick: true, pageLoadStrategy: normal, platform: WINDOWS, platformName: WINDOWS, platformVersion: 10.0, rotatable: false, setWindowRect: true, strictFileInteractability: false, timeouts: {implicit: 0, pageLoad: 300000, script: 30000}, unhandledPromptBehavior: dismiss and notify}
Session ID: 2ea88299-00b5-494d-bb35-078ac5be7350
*** Element info: {Using=xpath, value=.//*[@class='leftnavlinks menuItem']/following-sibling::li[2]}]]>
            </message>
            <full-stacktrace>
              <![CDATA[org.openqa.selenium.NoSuchSessionException: Tried to run command without establishing a connection
Build info: version: '3.141.59', revision: 'e82be7d358', time: '2018-11-14T08:25:48'
System info: host: 'ML-J5P86S2', ip: '192.168.13.1', os.name: 'Windows 10', os.arch: 'amd64', os.version: '10.0', java.version: '1.8.0_251'
Driver info: org.openqa.selenium.firefox.FirefoxDriver
Capabilities {acceptInsecureCerts: true, browserName: firefox, browserVersion: 72.0.2, javascriptEnabled: true, moz:accessibilityChecks: false, moz:buildID: 20200117190643, moz:geckodriverVersion: 0.23.0, moz:headless: false, moz:processID: 21336, moz:profile: C:\Users\deepak.kumar\AppDa..., moz:shutdownTimeout: 60000, moz:useNonSpecCompliantPointerOrigin: false, moz:webdriverClick: true, pageLoadStrategy: normal, platform: WINDOWS, platformName: WINDOWS, platformVersion: 10.0, rotatable: false, setWindowRect: true, strictFileInteractability: false, timeouts: {implicit: 0, pageLoad: 300000, script: 30000}, unhandledPromptBehavior: dismiss and notify}
Session ID: 2ea88299-00b5-494d-bb35-078ac5be7350
*** Element info: {Using=xpath, value=.//*[@class='leftnavlinks menuItem']/following-sibling::li[2]}
at sun.reflect.NativeConstructorAccessorImpl.newInstance0(Native Method)
at sun.reflect.NativeConstructorAccessorImpl.newInstance(Unknown Source)
at sun.reflect.DelegatingConstructorAccessorImpl.newInstance(Unknown Source)
at java.lang.reflect.Constructor.newInstance(Unknown Source)
at org.openqa.selenium.remote.http.W3CHttpResponseCodec.createException(W3CHttpResponseCodec.java:187)
at org.openqa.selenium.remote.http.W3CHttpResponseCodec.decode(W3CHttpResponseCodec.java:122)
at org.openqa.selenium.remote.http.W3CHttpResponseCodec.decode(W3CHttpResponseCodec.java:49)
at org.openqa.selenium.remote.HttpCommandExecutor.execute(HttpCommandExecutor.java:158)
at org.openqa.selenium.remote.service.DriverCommandExecutor.execute(DriverCommandExecutor.java:83)
at org.openqa.selenium.remote.RemoteWebDriver.execute(RemoteWebDriver.java:552)
at org.openqa.selenium.remote.RemoteWebDriver.findElement(RemoteWebDriver.java:323)
at org.openqa.selenium.remote.RemoteWebDriver.findElementByXPath(RemoteWebDriver.java:428)
at org.openqa.selenium.By$ByXPath.findElement(By.java:353)
at org.openqa.selenium.remote.RemoteWebDriver.findElement(RemoteWebDriver.java:315)
at ObjectRepository.LandingApplication.MyStuffWhislist(LandingApplication.java:120)
at TestCases.ALLTest.MystuffWhislist(ALLTest.java:219)
at sun.reflect.NativeMethodAccessorImpl.invoke0(Native Method)
at sun.reflect.NativeMethodAccessorImpl.invoke(Unknown Source)
at sun.reflect.DelegatingMethodAccessorImpl.invoke(Unknown Source)
at java.lang.reflect.Method.invoke(Unknown Source)
at org.testng.internal.MethodInvocationHelper.invokeMethod(MethodInvocationHelper.java:124)
at org.testng.internal.Invoker.invokeMethod(Invoker.java:580)
at org.testng.internal.Invoker.invokeTestMethod(Invoker.java:716)
at org.testng.internal.Invoker.invokeTestMethods(Invoker.java:988)
at org.testng.internal.TestMethodWorker.invokeTestMethods(TestMethodWorker.java:125)
at org.testng.internal.TestMethodWorker.run(TestMethodWorker.java:109)
at org.testng.TestRunner.privateRun(TestRunner.java:648)
at org.testng.TestRunner.run(TestRunner.java:505)
at org.testng.SuiteRunner.runTest(SuiteRunner.java:455)
at org.testng.SuiteRunner.runSequentially(SuiteRunner.java:450)
at org.testng.SuiteRunner.privateRun(SuiteRunner.java:415)
at org.testng.SuiteRunner.run(SuiteRunner.java:364)
at org.testng.SuiteRunnerWorker.runSuite(SuiteRunnerWorker.java:52)
at org.testng.SuiteRunnerWorker.run(SuiteRunnerWorker.java:84)
at org.testng.TestNG.runSuitesSequentially(TestNG.java:1208)
at org.testng.TestNG.runSuitesLocally(TestNG.java:1137)
at org.testng.TestNG.runSuites(TestNG.java:1049)
at org.testng.TestNG.run(TestNG.java:1017)
at org.testng.remote.AbstractRemoteTestNG.run(AbstractRemoteTestNG.java:114)
at org.testng.remote.RemoteTestNG.initAndRun(RemoteTestNG.java:251)
at org.testng.remote.RemoteTestNG.main(RemoteTestNG.java:77)
]]>
            </full-stacktrace>
          </exception> <!-- org.openqa.selenium.NoSuchSessionException -->
          <reporter-output>
          </reporter-output>
        </test-method> <!-- MystuffWhislist -->
        <test-method status="FAIL" signature="closeBrowser()[pri:0, instance:TestCases.ALLTest@41abee65]" name="closeBrowser" is-config="true" duration-ms="10" started-at="2020-05-22T09:56:25Z" finished-at="2020-05-22T09:56:25Z">
          <exception class="org.openqa.selenium.NoSuchSessionException">
            <message>
              <![CDATA[Tried to run command without establishing a connection
Build info: version: '3.141.59', revision: 'e82be7d358', time: '2018-11-14T08:25:48'
System info: host: 'ML-J5P86S2', ip: '192.168.13.1', os.name: 'Windows 10', os.arch: 'amd64', os.version: '10.0', java.version: '1.8.0_251'
Driver info: org.openqa.selenium.firefox.FirefoxDriver
Capabilities {acceptInsecureCerts: true, browserName: firefox, browserVersion: 72.0.2, javascriptEnabled: true, moz:accessibilityChecks: false, moz:buildID: 20200117190643, moz:geckodriverVersion: 0.23.0, moz:headless: false, moz:processID: 21336, moz:profile: C:\Users\deepak.kumar\AppDa..., moz:shutdownTimeout: 60000, moz:useNonSpecCompliantPointerOrigin: false, moz:webdriverClick: true, pageLoadStrategy: normal, platform: WINDOWS, platformName: WINDOWS, platformVersion: 10.0, rotatable: false, setWindowRect: true, strictFileInteractability: false, timeouts: {implicit: 0, pageLoad: 300000, script: 30000}, unhandledPromptBehavior: dismiss and notify}
Session ID: 2ea88299-00b5-494d-bb35-078ac5be7350]]>
            </message>
            <full-stacktrace>
              <![CDATA[org.openqa.selenium.NoSuchSessionException: Tried to run command without establishing a connection
Build info: version: '3.141.59', revision: 'e82be7d358', time: '2018-11-14T08:25:48'
System info: host: 'ML-J5P86S2', ip: '192.168.13.1', os.name: 'Windows 10', os.arch: 'amd64', os.version: '10.0', java.version: '1.8.0_251'
Driver info: org.openqa.selenium.firefox.FirefoxDriver
Capabilities {acceptInsecureCerts: true, browserName: firefox, browserVersion: 72.0.2, javascriptEnabled: true, moz:accessibilityChecks: false, moz:buildID: 20200117190643, moz:geckodriverVersion: 0.23.0, moz:headless: false, moz:processID: 21336, moz:profile: C:\Users\deepak.kumar\AppDa..., moz:shutdownTimeout: 60000, moz:useNonSpecCompliantPointerOrigin: false, moz:webdriverClick: true, pageLoadStrategy: normal, platform: WINDOWS, platformName: WINDOWS, platformVersion: 10.0, rotatable: false, setWindowRect: true, strictFileInteractability: false, timeouts: {implicit: 0, pageLoad: 300000, script: 30000}, unhandledPromptBehavior: dismiss and notify}
Session ID: 2ea88299-00b5-494d-bb35-078ac5be7350
at sun.reflect.NativeConstructorAccessorImpl.newInstance0(Native Method)
at sun.reflect.NativeConstructorAccessorImpl.newInstance(Unknown Source)
at sun.reflect.DelegatingConstructorAccessorImpl.newInstance(Unknown Source)
at java.lang.reflect.Constructor.newInstance(Unknown Source)
at org.openqa.selenium.remote.http.W3CHttpResponseCodec.createException(W3CHttpResponseCodec.java:187)
at org.openqa.selenium.remote.http.W3CHttpResponseCodec.decode(W3CHttpResponseCodec.java:122)
at org.openqa.selenium.remote.http.W3CHttpResponseCodec.decode(W3CHttpResponseCodec.java:49)
at org.openqa.selenium.remote.HttpCommandExecutor.execute(HttpCommandExecutor.java:158)
at org.openqa.selenium.remote.service.DriverCommandExecutor.execute(DriverCommandExecutor.java:83)
at org.openqa.selenium.remote.RemoteWebDriver.execute(RemoteWebDriver.java:552)
at org.openqa.selenium.remote.RemoteWebDriver.execute(RemoteWebDriver.java:609)
at org.openqa.selenium.remote.RemoteWebDriver.close(RemoteWebDriver.java:442)
at TestCases.ALLTest.closeBrowser(ALLTest.java:235)
at sun.reflect.NativeMethodAccessorImpl.invoke0(Native Method)
at sun.reflect.NativeMethodAccessorImpl.invoke(Unknown Source)
at sun.reflect.DelegatingMethodAccessorImpl.invoke(Unknown Source)
at java.lang.reflect.Method.invoke(Unknown Source)
at org.testng.internal.MethodInvocationHelper.invokeMethod(MethodInvocationHelper.java:124)
at org.testng.internal.MethodInvocationHelper.invokeMethodConsideringTimeout(MethodInvocationHelper.java:59)
at org.testng.internal.Invoker.invokeConfigurationMethod(Invoker.java:455)
at org.testng.internal.Invoker.invokeConfigurations(Invoker.java:222)
at org.testng.internal.Invoker.invokeConfigurations(Invoker.java:142)
at org.testng.TestRunner.afterRun(TestRunner.java:725)
at org.testng.TestRunner.run(TestRunner.java:509)
at org.testng.SuiteRunner.runTest(SuiteRunner.java:455)
at org.testng.SuiteRunner.runSequentially(SuiteRunner.java:450)
at org.testng.SuiteRunner.privateRun(SuiteRunner.java:415)
at org.testng.SuiteRunner.run(SuiteRunner.java:364)
at org.testng.SuiteRunnerWorker.runSuite(SuiteRunnerWorker.java:52)
at org.testng.SuiteRunnerWorker.run(SuiteRunnerWorker.java:84)
at org.testng.TestNG.runSuitesSequentially(TestNG.java:1208)
at org.testng.TestNG.runSuitesLocally(TestNG.java:1137)
at org.testng.TestNG.runSuites(TestNG.java:1049)
at org.testng.TestNG.run(TestNG.java:1017)
at org.testng.remote.AbstractRemoteTestNG.run(AbstractRemoteTestNG.java:114)
at org.testng.remote.RemoteTestNG.initAndRun(RemoteTestNG.java:251)
at org.testng.remote.RemoteTestNG.main(RemoteTestNG.java:77)
]]>
            </full-stacktrace>
          </exception> <!-- org.openqa.selenium.NoSuchSessionException -->
          <reporter-output>
          </reporter-output>
        </test-method> <!-- closeBrowser -->
      </class> <!-- TestCases.ALLTest -->
    </test> <!-- Default test -->
  </suite> <!-- Default suite -->
</testng-results>
